This file contains any messages produced by compilers while
running configure, to aid debugging if configure makes a mistake.

It was created by quilt configure 0.51, which was
generated by GNU Autoconf 2.63.  Invocation command line was

  $ /media/OE/poky/meta-ettus/recipes/hello/build/tmp/work/x86_64-linux/quilt-native-0.51-r0/quilt-0.51/configure --build=x86_64-linux --host=x86_64-linux --target=x86_64-linux --prefix=/media/OE/poky/meta-ettus/recipes/hello/build/tmp/sysroots/x86_64-linux/usr --exec_prefix=/media/OE/poky/meta-ettus/recipes/hello/build/tmp/sysroots/x86_64-linux/usr --bindir=/media/OE/poky/meta-ettus/recipes/hello/build/tmp/sysroots/x86_64-linux/usr/bin --sbindir=/media/OE/poky/meta-ettus/recipes/hello/build/tmp/sysroots/x86_64-linux/usr/sbin --libexecdir=/media/OE/poky/meta-ettus/recipes/hello/build/tmp/sysroots/x86_64-linux/usr/libexec --datadir=/media/OE/poky/meta-ettus/recipes/hello/build/tmp/sysroots/x86_64-linux/usr/share --sysconfdir=/media/OE/poky/meta-ettus/recipes/hello/build/tmp/sysroots/x86_64-linux/etc --sharedstatedir=/media/OE/poky/meta-ettus/recipes/hello/build/tmp/sysroots/x86_64-linux/com --localstatedir=/media/OE/poky/meta-ettus/recipes/hello/build/tmp/sysroots/x86_64-linux/var --libdir=/media/OE/poky/meta-ettus/recipes/hello/build/tmp/sysroots/x86_64-linux/usr/lib --includedir=/media/OE/poky/meta-ettus/recipes/hello/build/tmp/sysroots/x86_64-linux/usr/include --oldincludedir=/media/OE/poky/meta-ettus/recipes/hello/build/tmp/sysroots/x86_64-linux/usr/include --infodir=/media/OE/poky/meta-ettus/recipes/hello/build/tmp/sysroots/x86_64-linux/usr/share/info --mandir=/media/OE/poky/meta-ettus/recipes/hello/build/tmp/sysroots/x86_64-linux/usr/share/man --disable-silent-rules --disable-dependency-tracking --disable-nls

## --------- ##
## Platform. ##
## --------- ##

hostname = mmoselhy-lptp.egc.mentorg.com
uname -m = x86_64
uname -r = 3.2.10-3.fc16.x86_64
uname -s = Linux
uname -v = #1 SMP Thu Mar 15 19:39:46 UTC 2012

/usr/bin/uname -p = unknown
/bin/uname -X     = unknown

/bin/arch              = x86_64
/usr/bin/arch -k       = unknown
/usr/convex/getsysinfo = unknown
/usr/bin/hostinfo      = unknown
/bin/machine           = unknown
/usr/bin/oslevel       = unknown
/bin/universe          = unknown

PATH: /media/OE/poky/meta-ettus/recipes/hello/build/tmp/sysroots/x86_64-linux/usr/bin/i586-linux
PATH: /media/OE/poky/meta-ettus/recipes/hello/build/tmp/sysroots/x86_64-linux/usr/bin
PATH: /media/OE/poky/meta-ettus/recipes/hello/build/tmp/sysroots/x86_64-linux/usr/sbin
PATH: /media/OE/poky/meta-ettus/recipes/hello/build/tmp/sysroots/x86_64-linux/usr/bin
PATH: /media/OE/poky/meta-ettus/recipes/hello/build/tmp/sysroots/x86_64-linux/sbin
PATH: /media/OE/poky/meta-ettus/recipes/hello/build/tmp/sysroots/x86_64-linux//bin
PATH: /media/OE/poky/scripts/native-intercept
PATH: /media/OE/poky/bitbake/bin/
PATH: /media/OE/poky/scripts
PATH: /media/OE/poky/bitbake/bin/
PATH: /usr/lib64/ccache
PATH: /usr/local/bin
PATH: /usr/bin
PATH: /bin
PATH: /usr/local/sbin
PATH: /usr/sbin
PATH: /sbin
PATH: /home/mmoselhy/.local/bin
PATH: /home/mmoselhy/bin
PATH: /media/OE/poky/scripts


## ----------- ##
## Core tests. ##
## ----------- ##

configure:1914: checking for x86_64-linux-gcc
configure:1941: result: ccache gcc
configure:2213: checking for C compiler version
configure:2221: ccache gcc --version >&5
gcc (GCC) 4.6.2 20111027 (Red Hat 4.6.2-1)
Copyright (C) 2011 Free Software Foundation, Inc.
This is free software; see the source for copying conditions.  There is NO
warranty; not even for MERCHANTABILITY or FITNESS FOR A PARTICULAR PURPOSE.

configure:2225: $? = 0
configure:2232: ccache gcc -v >&5
Using built-in specs.
COLLECT_GCC=/usr/bin/gcc
COLLECT_LTO_WRAPPER=/usr/libexec/gcc/x86_64-redhat-linux/4.6.2/lto-wrapper
Target: x86_64-redhat-linux
Configured with: ../configure --prefix=/usr --mandir=/usr/share/man --infodir=/usr/share/info --with-bugurl=http://bugzilla.redhat.com/bugzilla --enable-bootstrap --enable-shared --enable-threads=posix --enable-checking=release --with-system-zlib --enable-__cxa_atexit --disable-libunwind-exceptions --enable-gnu-unique-object --enable-linker-build-id --enable-languages=c,c++,objc,obj-c++,java,fortran,ada,go,lto --enable-plugin --enable-java-awt=gtk --disable-dssi --with-java-home=/usr/lib/jvm/java-1.5.0-gcj-1.5.0.0/jre --enable-libgcj-multifile --enable-java-maintainer-mode --with-ecj-jar=/usr/share/java/eclipse-ecj.jar --disable-libjava-multilib --with-ppl --with-cloog --with-tune=generic --with-arch_32=i686 --build=x86_64-redhat-linux
Thread model: posix
gcc version 4.6.2 20111027 (Red Hat 4.6.2-1) (GCC) 
configure:2236: $? = 0
configure:2243: ccache gcc -V >&5
gcc: error: unrecognized option '-V'
gcc: fatal error: no input files
compilation terminated.
configure:2247: $? = 4
configure:2270: checking for C compiler default output file name
configure:2292: ccache gcc -isystem/media/OE/poky/meta-ettus/recipes/hello/build/tmp/sysroots/x86_64-linux/usr/include -O2 -pipe -isystem/media/OE/poky/meta-ettus/recipes/hello/build/tmp/sysroots/x86_64-linux/usr/include -L/media/OE/poky/meta-ettus/recipes/hello/build/tmp/sysroots/x86_64-linux/usr/lib -L/media/OE/poky/meta-ettus/recipes/hello/build/tmp/sysroots/x86_64-linux/lib -Wl,-rpath-link,/media/OE/poky/meta-ettus/recipes/hello/build/tmp/sysroots/x86_64-linux/usr/lib -Wl,-rpath-link,/media/OE/poky/meta-ettus/recipes/hello/build/tmp/sysroots/x86_64-linux/lib -Wl,-rpath,/media/OE/poky/meta-ettus/recipes/hello/build/tmp/sysroots/x86_64-linux/usr/lib -Wl,-rpath,/media/OE/poky/meta-ettus/recipes/hello/build/tmp/sysroots/x86_64-linux/lib -Wl,-O1 conftest.c  >&5
configure:2296: $? = 0
configure:2334: result: a.out
configure:2353: checking whether the C compiler works
configure:2363: ./a.out
configure:2367: $? = 0
configure:2386: result: yes
configure:2393: checking whether we are cross compiling
configure:2395: result: no
configure:2398: checking for suffix of executables
configure:2405: ccache gcc -o conftest -isystem/media/OE/poky/meta-ettus/recipes/hello/build/tmp/sysroots/x86_64-linux/usr/include -O2 -pipe -isystem/media/OE/poky/meta-ettus/recipes/hello/build/tmp/sysroots/x86_64-linux/usr/include -L/media/OE/poky/meta-ettus/recipes/hello/build/tmp/sysroots/x86_64-linux/usr/lib -L/media/OE/poky/meta-ettus/recipes/hello/build/tmp/sysroots/x86_64-linux/lib -Wl,-rpath-link,/media/OE/poky/meta-ettus/recipes/hello/build/tmp/sysroots/x86_64-linux/usr/lib -Wl,-rpath-link,/media/OE/poky/meta-ettus/recipes/hello/build/tmp/sysroots/x86_64-linux/lib -Wl,-rpath,/media/OE/poky/meta-ettus/recipes/hello/build/tmp/sysroots/x86_64-linux/usr/lib -Wl,-rpath,/media/OE/poky/meta-ettus/recipes/hello/build/tmp/sysroots/x86_64-linux/lib -Wl,-O1 conftest.c  >&5
configure:2409: $? = 0
configure:2435: result: 
configure:2441: checking for suffix of object files
configure:2467: ccache gcc -c -isystem/media/OE/poky/meta-ettus/recipes/hello/build/tmp/sysroots/x86_64-linux/usr/include -O2 -pipe -isystem/media/OE/poky/meta-ettus/recipes/hello/build/tmp/sysroots/x86_64-linux/usr/include conftest.c >&5
configure:2471: $? = 0
configure:2496: result: o
configure:2500: checking whether we are using the GNU C compiler
configure:2529: ccache gcc -c -isystem/media/OE/poky/meta-ettus/recipes/hello/build/tmp/sysroots/x86_64-linux/usr/include -O2 -pipe -isystem/media/OE/poky/meta-ettus/recipes/hello/build/tmp/sysroots/x86_64-linux/usr/include conftest.c >&5
configure:2536: $? = 0
configure:2553: result: yes
configure:2562: checking whether ccache gcc accepts -g
configure:2592: ccache gcc -c -g -isystem/media/OE/poky/meta-ettus/recipes/hello/build/tmp/sysroots/x86_64-linux/usr/include conftest.c >&5
configure:2599: $? = 0
configure:2700: result: yes
configure:2717: checking for ccache gcc option to accept ISO C89
configure:2791: ccache gcc  -c -isystem/media/OE/poky/meta-ettus/recipes/hello/build/tmp/sysroots/x86_64-linux/usr/include -O2 -pipe -isystem/media/OE/poky/meta-ettus/recipes/hello/build/tmp/sysroots/x86_64-linux/usr/include conftest.c >&5
configure:2798: $? = 0
configure:2821: result: none needed
configure:2845: checking how to run the C preprocessor
configure:2963: result: gcc  -E
configure:2992: gcc  -E -isystem/media/OE/poky/meta-ettus/recipes/hello/build/tmp/sysroots/x86_64-linux/usr/include conftest.c
configure:2999: $? = 0
configure:3030: gcc  -E -isystem/media/OE/poky/meta-ettus/recipes/hello/build/tmp/sysroots/x86_64-linux/usr/include conftest.c
conftest.c:8:28: fatal error: ac_nonexistent.h: No such file or directory
compilation terminated.
configure:3037: $? = 1
configure: failed program was:
| /* confdefs.h.  */
| #define PACKAGE_NAME "quilt"
| #define PACKAGE_TARNAME "quilt"
| #define PACKAGE_VERSION "0.51"
| #define PACKAGE_STRING "quilt 0.51"
| #define PACKAGE_BUGREPORT "quilt-dev@nongnu.org"
| /* end confdefs.h.  */
| #include <ac_nonexistent.h>
configure:3077: checking for grep that handles long lines and -e
configure:3137: result: /bin/grep
configure:3142: checking for egrep
configure:3206: result: /bin/grep -E
configure:3211: checking for ANSI C header files
configure:3241: ccache gcc -c -isystem/media/OE/poky/meta-ettus/recipes/hello/build/tmp/sysroots/x86_64-linux/usr/include -O2 -pipe -isystem/media/OE/poky/meta-ettus/recipes/hello/build/tmp/sysroots/x86_64-linux/usr/include conftest.c >&5
configure:3248: $? = 0
configure:3347: ccache gcc -o conftest -isystem/media/OE/poky/meta-ettus/recipes/hello/build/tmp/sysroots/x86_64-linux/usr/include -O2 -pipe -isystem/media/OE/poky/meta-ettus/recipes/hello/build/tmp/sysroots/x86_64-linux/usr/include -L/media/OE/poky/meta-ettus/recipes/hello/build/tmp/sysroots/x86_64-linux/usr/lib -L/media/OE/poky/meta-ettus/recipes/hello/build/tmp/sysroots/x86_64-linux/lib -Wl,-rpath-link,/media/OE/poky/meta-ettus/recipes/hello/build/tmp/sysroots/x86_64-linux/usr/lib -Wl,-rpath-link,/media/OE/poky/meta-ettus/recipes/hello/build/tmp/sysroots/x86_64-linux/lib -Wl,-rpath,/media/OE/poky/meta-ettus/recipes/hello/build/tmp/sysroots/x86_64-linux/usr/lib -Wl,-rpath,/media/OE/poky/meta-ettus/recipes/hello/build/tmp/sysroots/x86_64-linux/lib -Wl,-O1 conftest.c  >&5
configure:3351: $? = 0
configure:3357: ./conftest
configure:3361: $? = 0
configure:3379: result: yes
configure:3394: checking for fchmod
configure:3450: ccache gcc -o conftest -isystem/media/OE/poky/meta-ettus/recipes/hello/build/tmp/sysroots/x86_64-linux/usr/include -O2 -pipe -isystem/media/OE/poky/meta-ettus/recipes/hello/build/tmp/sysroots/x86_64-linux/usr/include -L/media/OE/poky/meta-ettus/recipes/hello/build/tmp/sysroots/x86_64-linux/usr/lib -L/media/OE/poky/meta-ettus/recipes/hello/build/tmp/sysroots/x86_64-linux/lib -Wl,-rpath-link,/media/OE/poky/meta-ettus/recipes/hello/build/tmp/sysroots/x86_64-linux/usr/lib -Wl,-rpath-link,/media/OE/poky/meta-ettus/recipes/hello/build/tmp/sysroots/x86_64-linux/lib -Wl,-rpath,/media/OE/poky/meta-ettus/recipes/hello/build/tmp/sysroots/x86_64-linux/usr/lib -Wl,-rpath,/media/OE/poky/meta-ettus/recipes/hello/build/tmp/sysroots/x86_64-linux/lib -Wl,-O1 conftest.c  >&5
configure:3457: $? = 0
configure:3479: result: yes
configure:3394: checking for chmod
configure:3450: ccache gcc -o conftest -isystem/media/OE/poky/meta-ettus/recipes/hello/build/tmp/sysroots/x86_64-linux/usr/include -O2 -pipe -isystem/media/OE/poky/meta-ettus/recipes/hello/build/tmp/sysroots/x86_64-linux/usr/include -L/media/OE/poky/meta-ettus/recipes/hello/build/tmp/sysroots/x86_64-linux/usr/lib -L/media/OE/poky/meta-ettus/recipes/hello/build/tmp/sysroots/x86_64-linux/lib -Wl,-rpath-link,/media/OE/poky/meta-ettus/recipes/hello/build/tmp/sysroots/x86_64-linux/usr/lib -Wl,-rpath-link,/media/OE/poky/meta-ettus/recipes/hello/build/tmp/sysroots/x86_64-linux/lib -Wl,-rpath,/media/OE/poky/meta-ettus/recipes/hello/build/tmp/sysroots/x86_64-linux/usr/lib -Wl,-rpath,/media/OE/poky/meta-ettus/recipes/hello/build/tmp/sysroots/x86_64-linux/lib -Wl,-O1 conftest.c  >&5
configure:3457: $? = 0
configure:3479: result: yes
configure:3496: checking for mkstemp
configure:3552: ccache gcc -o conftest -isystem/media/OE/poky/meta-ettus/recipes/hello/build/tmp/sysroots/x86_64-linux/usr/include -O2 -pipe -isystem/media/OE/poky/meta-ettus/recipes/hello/build/tmp/sysroots/x86_64-linux/usr/include -L/media/OE/poky/meta-ettus/recipes/hello/build/tmp/sysroots/x86_64-linux/usr/lib -L/media/OE/poky/meta-ettus/recipes/hello/build/tmp/sysroots/x86_64-linux/lib -Wl,-rpath-link,/media/OE/poky/meta-ettus/recipes/hello/build/tmp/sysroots/x86_64-linux/usr/lib -Wl,-rpath-link,/media/OE/poky/meta-ettus/recipes/hello/build/tmp/sysroots/x86_64-linux/lib -Wl,-rpath,/media/OE/poky/meta-ettus/recipes/hello/build/tmp/sysroots/x86_64-linux/usr/lib -Wl,-rpath,/media/OE/poky/meta-ettus/recipes/hello/build/tmp/sysroots/x86_64-linux/lib -Wl,-O1 conftest.c  >&5
configure:3559: $? = 0
configure:3581: result: yes
configure:3598: checking for mkdir
configure:3654: ccache gcc -o conftest -isystem/media/OE/poky/meta-ettus/recipes/hello/build/tmp/sysroots/x86_64-linux/usr/include -O2 -pipe -isystem/media/OE/poky/meta-ettus/recipes/hello/build/tmp/sysroots/x86_64-linux/usr/include -L/media/OE/poky/meta-ettus/recipes/hello/build/tmp/sysroots/x86_64-linux/usr/lib -L/media/OE/poky/meta-ettus/recipes/hello/build/tmp/sysroots/x86_64-linux/lib -Wl,-rpath-link,/media/OE/poky/meta-ettus/recipes/hello/build/tmp/sysroots/x86_64-linux/usr/lib -Wl,-rpath-link,/media/OE/poky/meta-ettus/recipes/hello/build/tmp/sysroots/x86_64-linux/lib -Wl,-rpath,/media/OE/poky/meta-ettus/recipes/hello/build/tmp/sysroots/x86_64-linux/usr/lib -Wl,-rpath,/media/OE/poky/meta-ettus/recipes/hello/build/tmp/sysroots/x86_64-linux/lib -Wl,-O1 conftest.c  >&5
configure:3661: $? = 0
configure:3683: result: yes
configure:3598: checking for rmdir
configure:3654: ccache gcc -o conftest -isystem/media/OE/poky/meta-ettus/recipes/hello/build/tmp/sysroots/x86_64-linux/usr/include -O2 -pipe -isystem/media/OE/poky/meta-ettus/recipes/hello/build/tmp/sysroots/x86_64-linux/usr/include -L/media/OE/poky/meta-ettus/recipes/hello/build/tmp/sysroots/x86_64-linux/usr/lib -L/media/OE/poky/meta-ettus/recipes/hello/build/tmp/sysroots/x86_64-linux/lib -Wl,-rpath-link,/media/OE/poky/meta-ettus/recipes/hello/build/tmp/sysroots/x86_64-linux/usr/lib -Wl,-rpath-link,/media/OE/poky/meta-ettus/recipes/hello/build/tmp/sysroots/x86_64-linux/lib -Wl,-rpath,/media/OE/poky/meta-ettus/recipes/hello/build/tmp/sysroots/x86_64-linux/usr/lib -Wl,-rpath,/media/OE/poky/meta-ettus/recipes/hello/build/tmp/sysroots/x86_64-linux/lib -Wl,-O1 conftest.c  >&5
configure:3661: $? = 0
configure:3683: result: yes
configure:3700: checking for strchr
configure:3756: ccache gcc -o conftest -isystem/media/OE/poky/meta-ettus/recipes/hello/build/tmp/sysroots/x86_64-linux/usr/include -O2 -pipe -isystem/media/OE/poky/meta-ettus/recipes/hello/build/tmp/sysroots/x86_64-linux/usr/include -L/media/OE/poky/meta-ettus/recipes/hello/build/tmp/sysroots/x86_64-linux/usr/lib -L/media/OE/poky/meta-ettus/recipes/hello/build/tmp/sysroots/x86_64-linux/lib -Wl,-rpath-link,/media/OE/poky/meta-ettus/recipes/hello/build/tmp/sysroots/x86_64-linux/usr/lib -Wl,-rpath-link,/media/OE/poky/meta-ettus/recipes/hello/build/tmp/sysroots/x86_64-linux/lib -Wl,-rpath,/media/OE/poky/meta-ettus/recipes/hello/build/tmp/sysroots/x86_64-linux/usr/lib -Wl,-rpath,/media/OE/poky/meta-ettus/recipes/hello/build/tmp/sysroots/x86_64-linux/lib -Wl,-O1 conftest.c  >&5
conftest.c:37:6: warning: conflicting types for built-in function 'strchr' [enabled by default]
configure:3763: $? = 0
configure:3785: result: yes
configure:3700: checking for strrchr
configure:3756: ccache gcc -o conftest -isystem/media/OE/poky/meta-ettus/recipes/hello/build/tmp/sysroots/x86_64-linux/usr/include -O2 -pipe -isystem/media/OE/poky/meta-ettus/recipes/hello/build/tmp/sysroots/x86_64-linux/usr/include -L/media/OE/poky/meta-ettus/recipes/hello/build/tmp/sysroots/x86_64-linux/usr/lib -L/media/OE/poky/meta-ettus/recipes/hello/build/tmp/sysroots/x86_64-linux/lib -Wl,-rpath-link,/media/OE/poky/meta-ettus/recipes/hello/build/tmp/sysroots/x86_64-linux/usr/lib -Wl,-rpath-link,/media/OE/poky/meta-ettus/recipes/hello/build/tmp/sysroots/x86_64-linux/lib -Wl,-rpath,/media/OE/poky/meta-ettus/recipes/hello/build/tmp/sysroots/x86_64-linux/usr/lib -Wl,-rpath,/media/OE/poky/meta-ettus/recipes/hello/build/tmp/sysroots/x86_64-linux/lib -Wl,-O1 conftest.c  >&5
conftest.c:38:6: warning: conflicting types for built-in function 'strrchr' [enabled by default]
configure:3763: $? = 0
configure:3785: result: yes
configure:3801: checking for strerror
configure:3857: ccache gcc -o conftest -isystem/media/OE/poky/meta-ettus/recipes/hello/build/tmp/sysroots/x86_64-linux/usr/include -O2 -pipe -isystem/media/OE/poky/meta-ettus/recipes/hello/build/tmp/sysroots/x86_64-linux/usr/include -L/media/OE/poky/meta-ettus/recipes/hello/build/tmp/sysroots/x86_64-linux/usr/lib -L/media/OE/poky/meta-ettus/recipes/hello/build/tmp/sysroots/x86_64-linux/lib -Wl,-rpath-link,/media/OE/poky/meta-ettus/recipes/hello/build/tmp/sysroots/x86_64-linux/usr/lib -Wl,-rpath-link,/media/OE/poky/meta-ettus/recipes/hello/build/tmp/sysroots/x86_64-linux/lib -Wl,-rpath,/media/OE/poky/meta-ettus/recipes/hello/build/tmp/sysroots/x86_64-linux/usr/lib -Wl,-rpath,/media/OE/poky/meta-ettus/recipes/hello/build/tmp/sysroots/x86_64-linux/lib -Wl,-O1 conftest.c  >&5
configure:3864: $? = 0
configure:3886: result: yes
configure:3898: checking for an ANSI C-conforming const
configure:3973: ccache gcc -c -isystem/media/OE/poky/meta-ettus/recipes/hello/build/tmp/sysroots/x86_64-linux/usr/include -O2 -pipe -isystem/media/OE/poky/meta-ettus/recipes/hello/build/tmp/sysroots/x86_64-linux/usr/include conftest.c >&5
configure:3980: $? = 0
configure:3995: result: yes
configure:4019: checking for sys/types.h
configure:4040: ccache gcc -c -isystem/media/OE/poky/meta-ettus/recipes/hello/build/tmp/sysroots/x86_64-linux/usr/include -O2 -pipe -isystem/media/OE/poky/meta-ettus/recipes/hello/build/tmp/sysroots/x86_64-linux/usr/include conftest.c >&5
configure:4047: $? = 0
configure:4064: result: yes
configure:4019: checking for sys/stat.h
configure:4040: ccache gcc -c -isystem/media/OE/poky/meta-ettus/recipes/hello/build/tmp/sysroots/x86_64-linux/usr/include -O2 -pipe -isystem/media/OE/poky/meta-ettus/recipes/hello/build/tmp/sysroots/x86_64-linux/usr/include conftest.c >&5
configure:4047: $? = 0
configure:4064: result: yes
configure:4019: checking for stdlib.h
configure:4040: ccache gcc -c -isystem/media/OE/poky/meta-ettus/recipes/hello/build/tmp/sysroots/x86_64-linux/usr/include -O2 -pipe -isystem/media/OE/poky/meta-ettus/recipes/hello/build/tmp/sysroots/x86_64-linux/usr/include conftest.c >&5
configure:4047: $? = 0
configure:4064: result: yes
configure:4019: checking for string.h
configure:4040: ccache gcc -c -isystem/media/OE/poky/meta-ettus/recipes/hello/build/tmp/sysroots/x86_64-linux/usr/include -O2 -pipe -isystem/media/OE/poky/meta-ettus/recipes/hello/build/tmp/sysroots/x86_64-linux/usr/include conftest.c >&5
configure:4047: $? = 0
configure:4064: result: yes
configure:4019: checking for memory.h
configure:4040: ccache gcc -c -isystem/media/OE/poky/meta-ettus/recipes/hello/build/tmp/sysroots/x86_64-linux/usr/include -O2 -pipe -isystem/media/OE/poky/meta-ettus/recipes/hello/build/tmp/sysroots/x86_64-linux/usr/include conftest.c >&5
configure:4047: $? = 0
configure:4064: result: yes
configure:4019: checking for strings.h
configure:4040: ccache gcc -c -isystem/media/OE/poky/meta-ettus/recipes/hello/build/tmp/sysroots/x86_64-linux/usr/include -O2 -pipe -isystem/media/OE/poky/meta-ettus/recipes/hello/build/tmp/sysroots/x86_64-linux/usr/include conftest.c >&5
configure:4047: $? = 0
configure:4064: result: yes
configure:4019: checking for inttypes.h
configure:4040: ccache gcc -c -isystem/media/OE/poky/meta-ettus/recipes/hello/build/tmp/sysroots/x86_64-linux/usr/include -O2 -pipe -isystem/media/OE/poky/meta-ettus/recipes/hello/build/tmp/sysroots/x86_64-linux/usr/include conftest.c >&5
configure:4047: $? = 0
configure:4064: result: yes
configure:4019: checking for stdint.h
configure:4040: ccache gcc -c -isystem/media/OE/poky/meta-ettus/recipes/hello/build/tmp/sysroots/x86_64-linux/usr/include -O2 -pipe -isystem/media/OE/poky/meta-ettus/recipes/hello/build/tmp/sysroots/x86_64-linux/usr/include conftest.c >&5
configure:4047: $? = 0
configure:4064: result: yes
configure:4019: checking for unistd.h
configure:4040: ccache gcc -c -isystem/media/OE/poky/meta-ettus/recipes/hello/build/tmp/sysroots/x86_64-linux/usr/include -O2 -pipe -isystem/media/OE/poky/meta-ettus/recipes/hello/build/tmp/sysroots/x86_64-linux/usr/include conftest.c >&5
configure:4047: $? = 0
configure:4064: result: yes
configure:4078: checking whether lstat dereferences a symlink specified with a trailing slash
configure:4114: ccache gcc -o conftest -isystem/media/OE/poky/meta-ettus/recipes/hello/build/tmp/sysroots/x86_64-linux/usr/include -O2 -pipe -isystem/media/OE/poky/meta-ettus/recipes/hello/build/tmp/sysroots/x86_64-linux/usr/include -L/media/OE/poky/meta-ettus/recipes/hello/build/tmp/sysroots/x86_64-linux/usr/lib -L/media/OE/poky/meta-ettus/recipes/hello/build/tmp/sysroots/x86_64-linux/lib -Wl,-rpath-link,/media/OE/poky/meta-ettus/recipes/hello/build/tmp/sysroots/x86_64-linux/usr/lib -Wl,-rpath-link,/media/OE/poky/meta-ettus/recipes/hello/build/tmp/sysroots/x86_64-linux/lib -Wl,-rpath,/media/OE/poky/meta-ettus/recipes/hello/build/tmp/sysroots/x86_64-linux/usr/lib -Wl,-rpath,/media/OE/poky/meta-ettus/recipes/hello/build/tmp/sysroots/x86_64-linux/lib -Wl,-O1 conftest.c  >&5
configure:4118: $? = 0
configure:4124: ./conftest
configure:4128: $? = 0
configure:4152: result: yes
configure:4171: checking whether stat accepts an empty string
configure:4201: ccache gcc -o conftest -isystem/media/OE/poky/meta-ettus/recipes/hello/build/tmp/sysroots/x86_64-linux/usr/include -O2 -pipe -isystem/media/OE/poky/meta-ettus/recipes/hello/build/tmp/sysroots/x86_64-linux/usr/include -L/media/OE/poky/meta-ettus/recipes/hello/build/tmp/sysroots/x86_64-linux/usr/lib -L/media/OE/poky/meta-ettus/recipes/hello/build/tmp/sysroots/x86_64-linux/lib -Wl,-rpath-link,/media/OE/poky/meta-ettus/recipes/hello/build/tmp/sysroots/x86_64-linux/usr/lib -Wl,-rpath-link,/media/OE/poky/meta-ettus/recipes/hello/build/tmp/sysroots/x86_64-linux/lib -Wl,-rpath,/media/OE/poky/meta-ettus/recipes/hello/build/tmp/sysroots/x86_64-linux/usr/lib -Wl,-rpath,/media/OE/poky/meta-ettus/recipes/hello/build/tmp/sysroots/x86_64-linux/lib -Wl,-O1 conftest.c  >&5
configure:4205: $? = 0
configure:4211: ./conftest
configure:4215: $? = 0
configure:4232: result: no
configure:4272: checking for a BSD-compatible install
configure:4340: result: /usr/bin/install -c
configure:4352: checking whether #! works in shell scripts
configure:4369: result: yes
configure:4425: checking for bash
configure:4444: found /bin/bash
configure:4456: result: /bin/bash
configure:4498: checking whether /bin/bash quoting works
configure:4501: result: yes
configure:4558: checking for gcp
configure:4592: result: no
configure:4558: checking for cp
configure:4577: found /bin/cp
configure:4589: result: /bin/cp
configure:4656: checking for gdate
configure:4690: result: no
configure:4656: checking for date
configure:4675: found /bin/date
configure:4687: result: /bin/date
configure:4719: checking whether /bin/date --rfc-822 works
configure:4722: result: yes
configure:4780: checking for perl
configure:4799: found /usr/bin/perl
configure:4811: result: /usr/bin/perl
configure:4876: checking for grep
configure:4907: result: /bin/grep
configure:4930: checking whether /bin/grep -q works
configure:4933: result: yes
configure:4951: checking whether /bin/grep understands (foo|bar)
configure:4954: result: yes
configure:5011: checking for tail
configure:5030: found /usr/bin/tail
configure:5042: result: /usr/bin/tail
configure:5066: checking whether /usr/bin/tail -n works
configure:5069: result: yes
configure:5126: checking for tr
configure:5145: found /usr/bin/tr
configure:5157: result: /usr/bin/tr
configure:5180: checking whether /usr/bin/tr understands a-z 
configure:5183: result: yes
configure:5242: checking for sed
configure:5261: found /bin/sed
configure:5273: result: /bin/sed
configure:5296: checking whether /bin/sed understands (foo|bar)
configure:5299: result: yes
configure:5358: checking for gawk
configure:5377: found /usr/bin/gawk
configure:5389: result: /usr/bin/gawk
configure:5418: checking whether /usr/bin/gawk supports sub
configure:5421: result: yes
configure:5456: checking for pod2man
configure:5474: found /usr/bin/pod2man
configure:5486: result: /usr/bin/pod2man
configure:5537: checking for column
configure:5556: found /usr/bin/column
configure:5568: result: /usr/bin/column
configure:5629: checking for getopt
configure:5648: found /usr/bin/getopt
configure:5660: result: /usr/bin/getopt
configure:5686: checking for getopt --long syntax
configure:5693: result: yes
configure:5751: checking for mktemp
configure:5770: found /bin/mktemp
configure:5782: result: /bin/mktemp
configure:5807: checking whether /bin/mktemp -d works
configure:5811: result: yes
configure:5869: checking for diff
configure:5888: found /usr/bin/diff
configure:5900: result: /usr/bin/diff
configure:5959: checking for patch
configure:5978: found /usr/bin/patch
configure:5990: result: /usr/bin/patch
configure:6014: checking the version of /usr/bin/diff
configure:6019: result: 3.2
configure:6048: checking the version of /usr/bin/patch
configure:6057: result: 2.6.1
configure:6121: checking for find
configure:6140: found /usr/bin/find
configure:6152: result: /usr/bin/find
configure:6175: checking whether /usr/bin/find -path works
configure:6178: result: yes
configure:6235: checking for xargs
configure:6254: found /usr/bin/xargs
configure:6266: result: /usr/bin/xargs
configure:6319: checking for diffstat
configure:6338: found /usr/bin/diffstat
configure:6350: result: /usr/bin/diffstat
configure:6378: checking for diffstat version
configure:6397: result: 1.54
configure:6450: checking for sendmail
configure:6469: found /usr/sbin/sendmail
configure:6481: result: /usr/sbin/sendmail
configure:6519: checking for msgmerge
configure:6537: found /usr/bin/msgmerge
configure:6549: result: /usr/bin/msgmerge
configure:6559: checking for msgfmt
configure:6577: found /usr/bin/msgfmt
configure:6589: result: /usr/bin/msgfmt
configure:6599: checking for xgettext
configure:6617: found /usr/bin/xgettext
configure:6629: result: /usr/bin/xgettext
configure:6639: checking for msguniq
configure:6657: found /usr/bin/msguniq
configure:6669: result: /usr/bin/msguniq
configure:6679: checking for msgcat
configure:6697: found /usr/bin/msgcat
configure:6709: result: /usr/bin/msgcat
configure:6756: Building without natural language support
configure:6795: checking for rpmbuild
configure:6814: found /usr/bin/rpmbuild
configure:6826: result: /usr/bin/rpmbuild
configure:6998: creating ./config.status

## ---------------------- ##
## Running config.status. ##
## ---------------------- ##

This file was extended by quilt config.status 0.51, which was
generated by GNU Autoconf 2.63.  Invocation command line was

  CONFIG_FILES    = 
  CONFIG_HEADERS  = 
  CONFIG_LINKS    = 
  CONFIG_COMMANDS = 
  $ ./config.status 

on mmoselhy-lptp.egc.mentorg.com

config.status:682: creating Makefile
configure:7972: WARNING: unrecognized options: --disable-silent-rules, --disable-dependency-tracking
configure:7977: result: 
configure:7979: result: quilt version 0.51 configured.
configure:7981: result: 
configure:7983: result: Using '/media/OE/poky/meta-ettus/recipes/hello/build/tmp/sysroots/x86_64-linux/usr' for installation prefix.
configure:7992: result: 
configure:7994: result: Report bugs to quilt-dev@nongnu.org

## ---------------- ##
## Cache variables. ##
## ---------------- ##

ac_cv_c_compiler_gnu=yes
ac_cv_c_const=yes
ac_cv_env_CC_set=set
ac_cv_env_CC_value='ccache gcc'
ac_cv_env_CFLAGS_set=set
ac_cv_env_CFLAGS_value='-isystem/media/OE/poky/meta-ettus/recipes/hello/build/tmp/sysroots/x86_64-linux/usr/include -O2 -pipe'
ac_cv_env_CPPFLAGS_set=set
ac_cv_env_CPPFLAGS_value=-isystem/media/OE/poky/meta-ettus/recipes/hello/build/tmp/sysroots/x86_64-linux/usr/include
ac_cv_env_CPP_set=set
ac_cv_env_CPP_value='gcc  -E'
ac_cv_env_LDFLAGS_set=set
ac_cv_env_LDFLAGS_value='-L/media/OE/poky/meta-ettus/recipes/hello/build/tmp/sysroots/x86_64-linux/usr/lib -L/media/OE/poky/meta-ettus/recipes/hello/build/tmp/sysroots/x86_64-linux/lib -Wl,-rpath-link,/media/OE/poky/meta-ettus/recipes/hello/build/tmp/sysroots/x86_64-linux/usr/lib -Wl,-rpath-link,/media/OE/poky/meta-ettus/recipes/hello/build/tmp/sysroots/x86_64-linux/lib -Wl,-rpath,/media/OE/poky/meta-ettus/recipes/hello/build/tmp/sysroots/x86_64-linux/usr/lib -Wl,-rpath,/media/OE/poky/meta-ettus/recipes/hello/build/tmp/sysroots/x86_64-linux/lib -Wl,-O1'
ac_cv_env_LIBS_set=
ac_cv_env_LIBS_value=
ac_cv_env_build_alias_set=set
ac_cv_env_build_alias_value=x86_64-linux
ac_cv_env_host_alias_set=set
ac_cv_env_host_alias_value=x86_64-linux
ac_cv_env_target_alias_set=set
ac_cv_env_target_alias_value=x86_64-linux
ac_cv_func_chmod=yes
ac_cv_func_fchmod=yes
ac_cv_func_lstat_dereferences_slashed_symlink=yes
ac_cv_func_mkdir=yes
ac_cv_func_mkstemp=yes
ac_cv_func_rmdir=yes
ac_cv_func_stat_empty_string_bug=no
ac_cv_func_strchr=yes
ac_cv_func_strerror=yes
ac_cv_func_strrchr=yes
ac_cv_header_inttypes_h=yes
ac_cv_header_memory_h=yes
ac_cv_header_stdc=yes
ac_cv_header_stdint_h=yes
ac_cv_header_stdlib_h=yes
ac_cv_header_string_h=yes
ac_cv_header_strings_h=yes
ac_cv_header_sys_stat_h=yes
ac_cv_header_sys_types_h=yes
ac_cv_header_unistd_h=yes
ac_cv_objext=o
ac_cv_path_AWK=/usr/bin/gawk
ac_cv_path_BASH=/bin/bash
ac_cv_path_COLUMN=/usr/bin/column
ac_cv_path_CP=/bin/cp
ac_cv_path_DATE=/bin/date
ac_cv_path_DIFF=/usr/bin/diff
ac_cv_path_DIFFSTAT=/usr/bin/diffstat
ac_cv_path_EGREP='/bin/grep -E'
ac_cv_path_FIND=/usr/bin/find
ac_cv_path_GETOPT=/usr/bin/getopt
ac_cv_path_GREP=/bin/grep
ac_cv_path_MKTEMP=/bin/mktemp
ac_cv_path_MSGCAT=/usr/bin/msgcat
ac_cv_path_MSGFMT=/usr/bin/msgfmt
ac_cv_path_MSGMERGE=/usr/bin/msgmerge
ac_cv_path_MSGUNIQ=/usr/bin/msguniq
ac_cv_path_PATCH=/usr/bin/patch
ac_cv_path_PERL=/usr/bin/perl
ac_cv_path_POD2MAN=/usr/bin/pod2man
ac_cv_path_RPMBUILD=/usr/bin/rpmbuild
ac_cv_path_SED=/bin/sed
ac_cv_path_SENDMAIL=/usr/sbin/sendmail
ac_cv_path_TAIL=/usr/bin/tail
ac_cv_path_TR=/usr/bin/tr
ac_cv_path_XARGS=/usr/bin/xargs
ac_cv_path_XGETTEXT=/usr/bin/xgettext
ac_cv_path_install='/usr/bin/install -c'
ac_cv_prog_CC='ccache gcc'
ac_cv_prog_CPP='gcc  -E'
ac_cv_prog_cc_c89=
ac_cv_prog_cc_g=yes
ac_cv_sys_interpreter=yes

## ----------------- ##
## Output variables. ##
## ----------------- ##

AWK='/usr/bin/gawk'
BASH='/bin/bash'
CC='ccache gcc'
CFLAGS='-isystem/media/OE/poky/meta-ettus/recipes/hello/build/tmp/sysroots/x86_64-linux/usr/include -O2 -pipe -Wall'
COLUMN='/usr/bin/column'
COMPAT_PROGRAMS=''
COMPAT_SYMLINKS=' awk sendmail'
CP='/bin/cp'
CPP='gcc  -E'
CPPFLAGS='-isystem/media/OE/poky/meta-ettus/recipes/hello/build/tmp/sysroots/x86_64-linux/usr/include'
DATE='/bin/date'
DEFS='-DPACKAGE_NAME=\"quilt\" -DPACKAGE_TARNAME=\"quilt\" -DPACKAGE_VERSION=\"0.51\" -DPACKAGE_STRING=\"quilt\ 0.51\" -DPACKAGE_BUGREPORT=\"quilt-dev@nongnu.org\" -DSTDC_HEADERS=1 -DHAVE_FCHMOD=1 -DHAVE_CHMOD=1 -DHAVE_MKSTEMP=1 -DHAVE_MKDIR=1 -DHAVE_RMDIR=1 -DHAVE_STRCHR=1 -DHAVE_STRRCHR=1 -DHAVE_STRERROR=1 -DHAVE_SYS_TYPES_H=1 -DHAVE_SYS_STAT_H=1 -DHAVE_STDLIB_H=1 -DHAVE_STRING_H=1 -DHAVE_MEMORY_H=1 -DHAVE_STRINGS_H=1 -DHAVE_INTTYPES_H=1 -DHAVE_STDINT_H=1 -DHAVE_UNISTD_H=1 -DLSTAT_FOLLOWS_SLASHED_SYMLINK=1'
DIFF='/usr/bin/diff'
DIFFSTAT='/usr/bin/diffstat'
ECHO_C=''
ECHO_N='-n'
ECHO_T=''
EGREP='/bin/grep -E'
EXEEXT=''
FIND='/usr/bin/find'
GETOPT='/usr/bin/getopt'
GREP='/bin/grep'
INSTALL_DATA='${INSTALL} -m 644'
INSTALL_PROGRAM='${INSTALL}'
INSTALL_SCRIPT='${INSTALL}'
LDFLAGS='-L/media/OE/poky/meta-ettus/recipes/hello/build/tmp/sysroots/x86_64-linux/usr/lib -L/media/OE/poky/meta-ettus/recipes/hello/build/tmp/sysroots/x86_64-linux/lib -Wl,-rpath-link,/media/OE/poky/meta-ettus/recipes/hello/build/tmp/sysroots/x86_64-linux/usr/lib -Wl,-rpath-link,/media/OE/poky/meta-ettus/recipes/hello/build/tmp/sysroots/x86_64-linux/lib -Wl,-rpath,/media/OE/poky/meta-ettus/recipes/hello/build/tmp/sysroots/x86_64-linux/usr/lib -Wl,-rpath,/media/OE/poky/meta-ettus/recipes/hello/build/tmp/sysroots/x86_64-linux/lib -Wl,-O1'
LIBOBJS=''
LIBS=''
LTLIBOBJS=''
MKTEMP='/bin/mktemp'
MSGCAT='/usr/bin/msgcat'
MSGFMT='/usr/bin/msgfmt'
MSGMERGE='/usr/bin/msgmerge'
MSGUNIQ='/usr/bin/msguniq'
OBJEXT='o'
PACKAGE_BUGREPORT='quilt-dev@nongnu.org'
PACKAGE_NAME='quilt'
PACKAGE_RELEASE='1'
PACKAGE_STRING='quilt 0.51'
PACKAGE_TARNAME='quilt'
PACKAGE_VERSION='0.51'
PATCH='/usr/bin/patch'
PATCH_WRAPPER=''
PATH_SEPARATOR=':'
PERL='/usr/bin/perl'
POD2MAN='/usr/bin/pod2man'
RPMBUILD='/usr/bin/rpmbuild'
SED='/bin/sed'
SENDMAIL='/usr/sbin/sendmail'
SHELL='/bin/sh'
TAIL='/usr/bin/tail'
TR='/usr/bin/tr'
USE_NLS='no'
XARGS='/usr/bin/xargs'
XGETTEXT='/usr/bin/xgettext'
ac_ct_CC=''
bindir='/media/OE/poky/meta-ettus/recipes/hello/build/tmp/sysroots/x86_64-linux/usr/bin'
build_alias='x86_64-linux'
datadir='/media/OE/poky/meta-ettus/recipes/hello/build/tmp/sysroots/x86_64-linux/usr/share'
datarootdir='${prefix}/share'
docdir='${datarootdir}/doc/${PACKAGE_TARNAME}'
dvidir='${docdir}'
exec_prefix='/media/OE/poky/meta-ettus/recipes/hello/build/tmp/sysroots/x86_64-linux/usr'
host_alias='x86_64-linux'
htmldir='${docdir}'
includedir='/media/OE/poky/meta-ettus/recipes/hello/build/tmp/sysroots/x86_64-linux/usr/include'
infodir='/media/OE/poky/meta-ettus/recipes/hello/build/tmp/sysroots/x86_64-linux/usr/share/info'
libdir='/media/OE/poky/meta-ettus/recipes/hello/build/tmp/sysroots/x86_64-linux/usr/lib'
libexecdir='/media/OE/poky/meta-ettus/recipes/hello/build/tmp/sysroots/x86_64-linux/usr/libexec'
localedir='${datarootdir}/locale'
localstatedir='/media/OE/poky/meta-ettus/recipes/hello/build/tmp/sysroots/x86_64-linux/var'
mandir='/media/OE/poky/meta-ettus/recipes/hello/build/tmp/sysroots/x86_64-linux/usr/share/man'
oldincludedir='/media/OE/poky/meta-ettus/recipes/hello/build/tmp/sysroots/x86_64-linux/usr/include'
pdfdir='${docdir}'
prefix='/media/OE/poky/meta-ettus/recipes/hello/build/tmp/sysroots/x86_64-linux/usr'
program_transform_name='s,x,x,'
psdir='${docdir}'
sbindir='/media/OE/poky/meta-ettus/recipes/hello/build/tmp/sysroots/x86_64-linux/usr/sbin'
sharedstatedir='/media/OE/poky/meta-ettus/recipes/hello/build/tmp/sysroots/x86_64-linux/com'
sysconfdir='/media/OE/poky/meta-ettus/recipes/hello/build/tmp/sysroots/x86_64-linux/etc'
target_alias='x86_64-linux'

## ----------- ##
## confdefs.h. ##
## ----------- ##

#define PACKAGE_NAME "quilt"
#define PACKAGE_TARNAME "quilt"
#define PACKAGE_VERSION "0.51"
#define PACKAGE_STRING "quilt 0.51"
#define PACKAGE_BUGREPORT "quilt-dev@nongnu.org"
#define STDC_HEADERS 1
#define HAVE_FCHMOD 1
#define HAVE_CHMOD 1
#define HAVE_MKSTEMP 1
#define HAVE_MKDIR 1
#define HAVE_RMDIR 1
#define HAVE_STRCHR 1
#define HAVE_STRRCHR 1
#define HAVE_STRERROR 1
#define HAVE_SYS_TYPES_H 1
#define HAVE_SYS_STAT_H 1
#define HAVE_STDLIB_H 1
#define HAVE_STRING_H 1
#define HAVE_MEMORY_H 1
#define HAVE_STRINGS_H 1
#define HAVE_INTTYPES_H 1
#define HAVE_STDINT_H 1
#define HAVE_UNISTD_H 1
#define LSTAT_FOLLOWS_SLASHED_SYMLINK 1

configure: exit 0
