This file contains any messages produced by compilers while
running configure, to aid debugging if configure makes a mistake.

It was created by sqlite configure 3.7.10, which was
generated by GNU Autoconf 2.68.  Invocation command line was

  $ /media/OE/poky/meta-ettus/recipes/hello/build/tmp/work/x86_64-linux/sqlite3-native-3.7.10-r1/sqlite-autoconf-3071000/configure --build=x86_64-linux --host=x86_64-linux --target=x86_64-linux --prefix=/media/OE/poky/meta-ettus/recipes/hello/build/tmp/sysroots/x86_64-linux/usr --exec_prefix=/media/OE/poky/meta-ettus/recipes/hello/build/tmp/sysroots/x86_64-linux/usr --bindir=/media/OE/poky/meta-ettus/recipes/hello/build/tmp/sysroots/x86_64-linux/usr/bin --sbindir=/media/OE/poky/meta-ettus/recipes/hello/build/tmp/sysroots/x86_64-linux/usr/sbin --libexecdir=/media/OE/poky/meta-ettus/recipes/hello/build/tmp/sysroots/x86_64-linux/usr/libexec --datadir=/media/OE/poky/meta-ettus/recipes/hello/build/tmp/sysroots/x86_64-linux/usr/share --sysconfdir=/media/OE/poky/meta-ettus/recipes/hello/build/tmp/sysroots/x86_64-linux/etc --sharedstatedir=/media/OE/poky/meta-ettus/recipes/hello/build/tmp/sysroots/x86_64-linux/com --localstatedir=/media/OE/poky/meta-ettus/recipes/hello/build/tmp/sysroots/x86_64-linux/var --libdir=/media/OE/poky/meta-ettus/recipes/hello/build/tmp/sysroots/x86_64-linux/usr/lib --includedir=/media/OE/poky/meta-ettus/recipes/hello/build/tmp/sysroots/x86_64-linux/usr/include --oldincludedir=/media/OE/poky/meta-ettus/recipes/hello/build/tmp/sysroots/x86_64-linux/usr/include --infodir=/media/OE/poky/meta-ettus/recipes/hello/build/tmp/sysroots/x86_64-linux/usr/share/info --mandir=/media/OE/poky/meta-ettus/recipes/hello/build/tmp/sysroots/x86_64-linux/usr/share/man --disable-silent-rules --disable-dependency-tracking --disable-tcl --enable-shared --enable-threadsafe --disable-readline --enable-tempstore

## --------- ##
## Platform. ##
## --------- ##

hostname = mmoselhy-lptp.egc.mentorg.com
uname -m = x86_64
uname -r = 3.2.10-3.fc16.x86_64
uname -s = Linux
uname -v = #1 SMP Thu Mar 15 19:39:46 UTC 2012

/usr/bin/uname -p = unknown
/bin/uname -X     = unknown

/bin/arch              = x86_64
/usr/bin/arch -k       = unknown
/usr/convex/getsysinfo = unknown
/usr/bin/hostinfo      = unknown
/bin/machine           = unknown
/usr/bin/oslevel       = unknown
/bin/universe          = unknown

PATH: /media/OE/poky/meta-ettus/recipes/hello/build/tmp/sysroots/x86_64-linux/usr/bin/i586-linux
PATH: /media/OE/poky/meta-ettus/recipes/hello/build/tmp/sysroots/x86_64-linux/usr/bin
PATH: /media/OE/poky/meta-ettus/recipes/hello/build/tmp/sysroots/x86_64-linux/usr/sbin
PATH: /media/OE/poky/meta-ettus/recipes/hello/build/tmp/sysroots/x86_64-linux/usr/bin
PATH: /media/OE/poky/meta-ettus/recipes/hello/build/tmp/sysroots/x86_64-linux/sbin
PATH: /media/OE/poky/meta-ettus/recipes/hello/build/tmp/sysroots/x86_64-linux//bin
PATH: /media/OE/poky/scripts/native-intercept
PATH: /media/OE/poky/bitbake/bin/
PATH: /media/OE/poky/scripts
PATH: /media/OE/poky/bitbake/bin/
PATH: /usr/lib64/ccache
PATH: /usr/local/bin
PATH: /usr/bin
PATH: /bin
PATH: /usr/local/sbin
PATH: /usr/sbin
PATH: /sbin
PATH: /home/mmoselhy/.local/bin
PATH: /home/mmoselhy/bin
PATH: /media/OE/poky/scripts


## ----------- ##
## Core tests. ##
## ----------- ##

configure:2187: checking for a BSD-compatible install
configure:2255: result: /usr/bin/install -c
configure:2266: checking whether build environment is sane
configure:2316: result: yes
configure:2457: checking for a thread-safe mkdir -p
configure:2496: result: /bin/mkdir -p
configure:2509: checking for gawk
configure:2525: found /usr/bin/gawk
configure:2536: result: gawk
configure:2547: checking whether make sets $(MAKE)
configure:2569: result: yes
configure:2662: checking for style of include used by make
configure:2690: result: GNU
configure:2721: checking for x86_64-linux-gcc
configure:2748: result: ccache gcc
configure:3017: checking for C compiler version
configure:3026: ccache gcc --version >&5
gcc (GCC) 4.6.2 20111027 (Red Hat 4.6.2-1)
Copyright (C) 2011 Free Software Foundation, Inc.
This is free software; see the source for copying conditions.  There is NO
warranty; not even for MERCHANTABILITY or FITNESS FOR A PARTICULAR PURPOSE.

configure:3037: $? = 0
configure:3026: ccache gcc -v >&5
Using built-in specs.
COLLECT_GCC=/usr/bin/gcc
COLLECT_LTO_WRAPPER=/usr/libexec/gcc/x86_64-redhat-linux/4.6.2/lto-wrapper
Target: x86_64-redhat-linux
Configured with: ../configure --prefix=/usr --mandir=/usr/share/man --infodir=/usr/share/info --with-bugurl=http://bugzilla.redhat.com/bugzilla --enable-bootstrap --enable-shared --enable-threads=posix --enable-checking=release --with-system-zlib --enable-__cxa_atexit --disable-libunwind-exceptions --enable-gnu-unique-object --enable-linker-build-id --enable-languages=c,c++,objc,obj-c++,java,fortran,ada,go,lto --enable-plugin --enable-java-awt=gtk --disable-dssi --with-java-home=/usr/lib/jvm/java-1.5.0-gcj-1.5.0.0/jre --enable-libgcj-multifile --enable-java-maintainer-mode --with-ecj-jar=/usr/share/java/eclipse-ecj.jar --disable-libjava-multilib --with-ppl --with-cloog --with-tune=generic --with-arch_32=i686 --build=x86_64-redhat-linux
Thread model: posix
gcc version 4.6.2 20111027 (Red Hat 4.6.2-1) (GCC) 
configure:3037: $? = 0
configure:3026: ccache gcc -V >&5
gcc: error: unrecognized option '-V'
gcc: fatal error: no input files
compilation terminated.
configure:3037: $? = 4
configure:3026: ccache gcc -qversion >&5
gcc: error: unrecognized option '-qversion'
gcc: fatal error: no input files
compilation terminated.
configure:3037: $? = 4
configure:3057: checking whether the C compiler works
configure:3079: ccache gcc -isystem/media/OE/poky/meta-ettus/recipes/hello/build/tmp/sysroots/x86_64-linux/usr/include -O2 -pipe -isystem/media/OE/poky/meta-ettus/recipes/hello/build/tmp/sysroots/x86_64-linux/usr/include -L/media/OE/poky/meta-ettus/recipes/hello/build/tmp/sysroots/x86_64-linux/usr/lib -L/media/OE/poky/meta-ettus/recipes/hello/build/tmp/sysroots/x86_64-linux/lib -Wl,-rpath-link,/media/OE/poky/meta-ettus/recipes/hello/build/tmp/sysroots/x86_64-linux/usr/lib -Wl,-rpath-link,/media/OE/poky/meta-ettus/recipes/hello/build/tmp/sysroots/x86_64-linux/lib -Wl,-rpath,/media/OE/poky/meta-ettus/recipes/hello/build/tmp/sysroots/x86_64-linux/usr/lib -Wl,-rpath,/media/OE/poky/meta-ettus/recipes/hello/build/tmp/sysroots/x86_64-linux/lib -Wl,-O1 conftest.c  >&5
configure:3083: $? = 0
configure:3131: result: yes
configure:3134: checking for C compiler default output file name
configure:3136: result: a.out
configure:3142: checking for suffix of executables
configure:3149: ccache gcc -o conftest -isystem/media/OE/poky/meta-ettus/recipes/hello/build/tmp/sysroots/x86_64-linux/usr/include -O2 -pipe -isystem/media/OE/poky/meta-ettus/recipes/hello/build/tmp/sysroots/x86_64-linux/usr/include -L/media/OE/poky/meta-ettus/recipes/hello/build/tmp/sysroots/x86_64-linux/usr/lib -L/media/OE/poky/meta-ettus/recipes/hello/build/tmp/sysroots/x86_64-linux/lib -Wl,-rpath-link,/media/OE/poky/meta-ettus/recipes/hello/build/tmp/sysroots/x86_64-linux/usr/lib -Wl,-rpath-link,/media/OE/poky/meta-ettus/recipes/hello/build/tmp/sysroots/x86_64-linux/lib -Wl,-rpath,/media/OE/poky/meta-ettus/recipes/hello/build/tmp/sysroots/x86_64-linux/usr/lib -Wl,-rpath,/media/OE/poky/meta-ettus/recipes/hello/build/tmp/sysroots/x86_64-linux/lib -Wl,-O1 conftest.c  >&5
configure:3153: $? = 0
configure:3175: result: 
configure:3197: checking whether we are cross compiling
configure:3205: ccache gcc -o conftest -isystem/media/OE/poky/meta-ettus/recipes/hello/build/tmp/sysroots/x86_64-linux/usr/include -O2 -pipe -isystem/media/OE/poky/meta-ettus/recipes/hello/build/tmp/sysroots/x86_64-linux/usr/include -L/media/OE/poky/meta-ettus/recipes/hello/build/tmp/sysroots/x86_64-linux/usr/lib -L/media/OE/poky/meta-ettus/recipes/hello/build/tmp/sysroots/x86_64-linux/lib -Wl,-rpath-link,/media/OE/poky/meta-ettus/recipes/hello/build/tmp/sysroots/x86_64-linux/usr/lib -Wl,-rpath-link,/media/OE/poky/meta-ettus/recipes/hello/build/tmp/sysroots/x86_64-linux/lib -Wl,-rpath,/media/OE/poky/meta-ettus/recipes/hello/build/tmp/sysroots/x86_64-linux/usr/lib -Wl,-rpath,/media/OE/poky/meta-ettus/recipes/hello/build/tmp/sysroots/x86_64-linux/lib -Wl,-O1 conftest.c  >&5
configure:3209: $? = 0
configure:3216: ./conftest
configure:3220: $? = 0
configure:3235: result: no
configure:3240: checking for suffix of object files
configure:3262: ccache gcc -c -isystem/media/OE/poky/meta-ettus/recipes/hello/build/tmp/sysroots/x86_64-linux/usr/include -O2 -pipe -isystem/media/OE/poky/meta-ettus/recipes/hello/build/tmp/sysroots/x86_64-linux/usr/include conftest.c >&5
configure:3266: $? = 0
configure:3287: result: o
configure:3291: checking whether we are using the GNU C compiler
configure:3310: ccache gcc -c -isystem/media/OE/poky/meta-ettus/recipes/hello/build/tmp/sysroots/x86_64-linux/usr/include -O2 -pipe -isystem/media/OE/poky/meta-ettus/recipes/hello/build/tmp/sysroots/x86_64-linux/usr/include conftest.c >&5
configure:3310: $? = 0
configure:3319: result: yes
configure:3328: checking whether ccache gcc accepts -g
configure:3348: ccache gcc -c -g -isystem/media/OE/poky/meta-ettus/recipes/hello/build/tmp/sysroots/x86_64-linux/usr/include conftest.c >&5
configure:3348: $? = 0
configure:3389: result: yes
configure:3406: checking for ccache gcc option to accept ISO C89
configure:3470: ccache gcc  -c -isystem/media/OE/poky/meta-ettus/recipes/hello/build/tmp/sysroots/x86_64-linux/usr/include -O2 -pipe -isystem/media/OE/poky/meta-ettus/recipes/hello/build/tmp/sysroots/x86_64-linux/usr/include conftest.c >&5
configure:3470: $? = 0
configure:3483: result: none needed
configure:3505: checking dependency style of ccache gcc
configure:3616: result: none
configure:3639: checking for special C compiler options needed for large files
configure:3684: result: no
configure:3690: checking for _FILE_OFFSET_BITS value needed for large files
configure:3715: ccache gcc -c -isystem/media/OE/poky/meta-ettus/recipes/hello/build/tmp/sysroots/x86_64-linux/usr/include -O2 -pipe -isystem/media/OE/poky/meta-ettus/recipes/hello/build/tmp/sysroots/x86_64-linux/usr/include conftest.c >&5
configure:3715: $? = 0
configure:3747: result: no
configure:3840: checking for x86_64-linux-gcc
configure:3867: result: ccache gcc
configure:4136: checking for C compiler version
configure:4145: ccache gcc --version >&5
gcc (GCC) 4.6.2 20111027 (Red Hat 4.6.2-1)
Copyright (C) 2011 Free Software Foundation, Inc.
This is free software; see the source for copying conditions.  There is NO
warranty; not even for MERCHANTABILITY or FITNESS FOR A PARTICULAR PURPOSE.

configure:4156: $? = 0
configure:4145: ccache gcc -v >&5
Using built-in specs.
COLLECT_GCC=/usr/bin/gcc
COLLECT_LTO_WRAPPER=/usr/libexec/gcc/x86_64-redhat-linux/4.6.2/lto-wrapper
Target: x86_64-redhat-linux
Configured with: ../configure --prefix=/usr --mandir=/usr/share/man --infodir=/usr/share/info --with-bugurl=http://bugzilla.redhat.com/bugzilla --enable-bootstrap --enable-shared --enable-threads=posix --enable-checking=release --with-system-zlib --enable-__cxa_atexit --disable-libunwind-exceptions --enable-gnu-unique-object --enable-linker-build-id --enable-languages=c,c++,objc,obj-c++,java,fortran,ada,go,lto --enable-plugin --enable-java-awt=gtk --disable-dssi --with-java-home=/usr/lib/jvm/java-1.5.0-gcj-1.5.0.0/jre --enable-libgcj-multifile --enable-java-maintainer-mode --with-ecj-jar=/usr/share/java/eclipse-ecj.jar --disable-libjava-multilib --with-ppl --with-cloog --with-tune=generic --with-arch_32=i686 --build=x86_64-redhat-linux
Thread model: posix
gcc version 4.6.2 20111027 (Red Hat 4.6.2-1) (GCC) 
configure:4156: $? = 0
configure:4145: ccache gcc -V >&5
gcc: error: unrecognized option '-V'
gcc: fatal error: no input files
compilation terminated.
configure:4156: $? = 4
configure:4145: ccache gcc -qversion >&5
gcc: error: unrecognized option '-qversion'
gcc: fatal error: no input files
compilation terminated.
configure:4156: $? = 4
configure:4160: checking whether we are using the GNU C compiler
configure:4188: result: yes
configure:4197: checking whether ccache gcc accepts -g
configure:4258: result: yes
configure:4275: checking for ccache gcc option to accept ISO C89
configure:4352: result: none needed
configure:4374: checking dependency style of ccache gcc
configure:4485: result: none
configure:4503: checking for x86_64-linux-ranlib
configure:4530: result: ranlib
configure:4621: checking build system type
configure:4635: result: x86_64-pc-linux-gnu
configure:4655: checking host system type
configure:4668: result: x86_64-pc-linux-gnu
configure:4709: checking how to print strings
configure:4736: result: printf
configure:4757: checking for a sed that does not truncate output
configure:4821: result: /bin/sed
configure:4839: checking for grep that handles long lines and -e
configure:4897: result: /bin/grep
configure:4902: checking for egrep
configure:4964: result: /bin/grep -E
configure:4969: checking for fgrep
configure:5031: result: /bin/grep -F
configure:5066: checking for ld used by ccache gcc
configure:5133: result: ld
configure:5140: checking if the linker (ld) is GNU ld
configure:5155: result: yes
configure:5167: checking for BSD- or MS-compatible name lister (nm)
configure:5216: result: nm
configure:5346: checking the name lister (nm) interface
configure:5353: ccache gcc -c -isystem/media/OE/poky/meta-ettus/recipes/hello/build/tmp/sysroots/x86_64-linux/usr/include -O2 -pipe -isystem/media/OE/poky/meta-ettus/recipes/hello/build/tmp/sysroots/x86_64-linux/usr/include conftest.c >&5
configure:5356: nm "conftest.o"
configure:5359: output
0000000000000000 B some_variable
configure:5366: result: BSD nm
configure:5369: checking whether ln -s works
configure:5373: result: yes
configure:5381: checking the maximum length of command line arguments
configure:5511: result: 1572864
configure:5528: checking whether the shell understands some XSI constructs
configure:5538: result: yes
configure:5542: checking whether the shell understands "+="
configure:5548: result: yes
configure:5583: checking how to convert x86_64-pc-linux-gnu file names to x86_64-pc-linux-gnu format
configure:5623: result: func_convert_file_noop
configure:5630: checking how to convert x86_64-pc-linux-gnu file names to toolchain format
configure:5650: result: func_convert_file_noop
configure:5657: checking for ld option to reload object files
configure:5664: result: -r
configure:5698: checking for x86_64-linux-objdump
configure:5725: result: objdump
configure:5797: checking how to recognize dependent libraries
configure:5999: result: pass_all
configure:6044: checking for x86_64-linux-dlltool
configure:6074: result: no
configure:6084: checking for dlltool
configure:6114: result: no
configure:6144: checking how to associate runtime and link libraries
configure:6171: result: printf %s\n
configure:6187: checking for x86_64-linux-ar
configure:6214: result: ar
configure:6295: checking for archiver @FILE support
configure:6312: ccache gcc -c -isystem/media/OE/poky/meta-ettus/recipes/hello/build/tmp/sysroots/x86_64-linux/usr/include -O2 -pipe -isystem/media/OE/poky/meta-ettus/recipes/hello/build/tmp/sysroots/x86_64-linux/usr/include conftest.c >&5
configure:6312: $? = 0
configure:6315: ar cru libconftest.a @conftest.lst >&5
configure:6318: $? = 0
configure:6323: ar cru libconftest.a @conftest.lst >&5
ar: conftest.o: No such file or directory
configure:6326: $? = 1
configure:6338: result: @
configure:6356: checking for x86_64-linux-strip
configure:6383: result: strip
configure:6455: checking for x86_64-linux-ranlib
configure:6482: result: ranlib
configure:6624: checking command to parse nm output from ccache gcc object
configure:6744: ccache gcc -c -isystem/media/OE/poky/meta-ettus/recipes/hello/build/tmp/sysroots/x86_64-linux/usr/include -O2 -pipe -isystem/media/OE/poky/meta-ettus/recipes/hello/build/tmp/sysroots/x86_64-linux/usr/include conftest.c >&5
configure:6747: $? = 0
configure:6751: nm conftest.o \| sed -n -e 's/^.*[ ]\([ABCDGIRSTW][ABCDGIRSTW]*\)[ ][ ]*\([_A-Za-z][_A-Za-z0-9]*\)$/\1 \2 \2/p' | sed '/ __gnu_lto/d' \> conftest.nm
configure:6754: $? = 0
configure:6820: ccache gcc -o conftest -isystem/media/OE/poky/meta-ettus/recipes/hello/build/tmp/sysroots/x86_64-linux/usr/include -O2 -pipe -isystem/media/OE/poky/meta-ettus/recipes/hello/build/tmp/sysroots/x86_64-linux/usr/include -L/media/OE/poky/meta-ettus/recipes/hello/build/tmp/sysroots/x86_64-linux/usr/lib -L/media/OE/poky/meta-ettus/recipes/hello/build/tmp/sysroots/x86_64-linux/lib -Wl,-rpath-link,/media/OE/poky/meta-ettus/recipes/hello/build/tmp/sysroots/x86_64-linux/usr/lib -Wl,-rpath-link,/media/OE/poky/meta-ettus/recipes/hello/build/tmp/sysroots/x86_64-linux/lib -Wl,-rpath,/media/OE/poky/meta-ettus/recipes/hello/build/tmp/sysroots/x86_64-linux/usr/lib -Wl,-rpath,/media/OE/poky/meta-ettus/recipes/hello/build/tmp/sysroots/x86_64-linux/lib -Wl,-O1 conftest.c conftstm.o >&5
configure:6823: $? = 0
configure:6861: result: ok
configure:6898: checking for sysroot
configure:6928: result: no
configure:7005: ccache gcc -c -isystem/media/OE/poky/meta-ettus/recipes/hello/build/tmp/sysroots/x86_64-linux/usr/include -O2 -pipe -isystem/media/OE/poky/meta-ettus/recipes/hello/build/tmp/sysroots/x86_64-linux/usr/include conftest.c >&5
configure:7008: $? = 0
configure:7144: checking for x86_64-linux-mt
configure:7174: result: no
configure:7184: checking for mt
configure:7214: result: no
configure:7234: checking if : is a manifest tool
configure:7240: : '-?'
configure:7248: result: no
configure:7890: checking how to run the C preprocessor
configure:7960: result: gcc  -E
configure:7980: gcc  -E -isystem/media/OE/poky/meta-ettus/recipes/hello/build/tmp/sysroots/x86_64-linux/usr/include conftest.c
configure:7980: $? = 0
configure:7994: gcc  -E -isystem/media/OE/poky/meta-ettus/recipes/hello/build/tmp/sysroots/x86_64-linux/usr/include conftest.c
conftest.c:11:28: fatal error: ac_nonexistent.h: No such file or directory
compilation terminated.
configure:7994: $? = 1
configure: failed program was:
| /* confdefs.h */
| #define PACKAGE_NAME "sqlite"
| #define PACKAGE_TARNAME "sqlite"
| #define PACKAGE_VERSION "3.7.10"
| #define PACKAGE_STRING "sqlite 3.7.10"
| #define PACKAGE_BUGREPORT "http://www.sqlite.org"
| #define PACKAGE_URL ""
| #define PACKAGE "sqlite"
| #define VERSION "3.7.10"
| /* end confdefs.h.  */
| #include <ac_nonexistent.h>
configure:8023: checking for ANSI C header files
configure:8043: ccache gcc -c -isystem/media/OE/poky/meta-ettus/recipes/hello/build/tmp/sysroots/x86_64-linux/usr/include -O2 -pipe -isystem/media/OE/poky/meta-ettus/recipes/hello/build/tmp/sysroots/x86_64-linux/usr/include conftest.c >&5
configure:8043: $? = 0
configure:8116: ccache gcc -o conftest -isystem/media/OE/poky/meta-ettus/recipes/hello/build/tmp/sysroots/x86_64-linux/usr/include -O2 -pipe -isystem/media/OE/poky/meta-ettus/recipes/hello/build/tmp/sysroots/x86_64-linux/usr/include -L/media/OE/poky/meta-ettus/recipes/hello/build/tmp/sysroots/x86_64-linux/usr/lib -L/media/OE/poky/meta-ettus/recipes/hello/build/tmp/sysroots/x86_64-linux/lib -Wl,-rpath-link,/media/OE/poky/meta-ettus/recipes/hello/build/tmp/sysroots/x86_64-linux/usr/lib -Wl,-rpath-link,/media/OE/poky/meta-ettus/recipes/hello/build/tmp/sysroots/x86_64-linux/lib -Wl,-rpath,/media/OE/poky/meta-ettus/recipes/hello/build/tmp/sysroots/x86_64-linux/usr/lib -Wl,-rpath,/media/OE/poky/meta-ettus/recipes/hello/build/tmp/sysroots/x86_64-linux/lib -Wl,-O1 conftest.c  >&5
configure:8116: $? = 0
configure:8116: ./conftest
configure:8116: $? = 0
configure:8127: result: yes
configure:8140: checking for sys/types.h
configure:8140: ccache gcc -c -isystem/media/OE/poky/meta-ettus/recipes/hello/build/tmp/sysroots/x86_64-linux/usr/include -O2 -pipe -isystem/media/OE/poky/meta-ettus/recipes/hello/build/tmp/sysroots/x86_64-linux/usr/include conftest.c >&5
configure:8140: $? = 0
configure:8140: result: yes
configure:8140: checking for sys/stat.h
configure:8140: ccache gcc -c -isystem/media/OE/poky/meta-ettus/recipes/hello/build/tmp/sysroots/x86_64-linux/usr/include -O2 -pipe -isystem/media/OE/poky/meta-ettus/recipes/hello/build/tmp/sysroots/x86_64-linux/usr/include conftest.c >&5
configure:8140: $? = 0
configure:8140: result: yes
configure:8140: checking for stdlib.h
configure:8140: ccache gcc -c -isystem/media/OE/poky/meta-ettus/recipes/hello/build/tmp/sysroots/x86_64-linux/usr/include -O2 -pipe -isystem/media/OE/poky/meta-ettus/recipes/hello/build/tmp/sysroots/x86_64-linux/usr/include conftest.c >&5
configure:8140: $? = 0
configure:8140: result: yes
configure:8140: checking for string.h
configure:8140: ccache gcc -c -isystem/media/OE/poky/meta-ettus/recipes/hello/build/tmp/sysroots/x86_64-linux/usr/include -O2 -pipe -isystem/media/OE/poky/meta-ettus/recipes/hello/build/tmp/sysroots/x86_64-linux/usr/include conftest.c >&5
configure:8140: $? = 0
configure:8140: result: yes
configure:8140: checking for memory.h
configure:8140: ccache gcc -c -isystem/media/OE/poky/meta-ettus/recipes/hello/build/tmp/sysroots/x86_64-linux/usr/include -O2 -pipe -isystem/media/OE/poky/meta-ettus/recipes/hello/build/tmp/sysroots/x86_64-linux/usr/include conftest.c >&5
configure:8140: $? = 0
configure:8140: result: yes
configure:8140: checking for strings.h
configure:8140: ccache gcc -c -isystem/media/OE/poky/meta-ettus/recipes/hello/build/tmp/sysroots/x86_64-linux/usr/include -O2 -pipe -isystem/media/OE/poky/meta-ettus/recipes/hello/build/tmp/sysroots/x86_64-linux/usr/include conftest.c >&5
configure:8140: $? = 0
configure:8140: result: yes
configure:8140: checking for inttypes.h
configure:8140: ccache gcc -c -isystem/media/OE/poky/meta-ettus/recipes/hello/build/tmp/sysroots/x86_64-linux/usr/include -O2 -pipe -isystem/media/OE/poky/meta-ettus/recipes/hello/build/tmp/sysroots/x86_64-linux/usr/include conftest.c >&5
configure:8140: $? = 0
configure:8140: result: yes
configure:8140: checking for stdint.h
configure:8140: ccache gcc -c -isystem/media/OE/poky/meta-ettus/recipes/hello/build/tmp/sysroots/x86_64-linux/usr/include -O2 -pipe -isystem/media/OE/poky/meta-ettus/recipes/hello/build/tmp/sysroots/x86_64-linux/usr/include conftest.c >&5
configure:8140: $? = 0
configure:8140: result: yes
configure:8140: checking for unistd.h
configure:8140: ccache gcc -c -isystem/media/OE/poky/meta-ettus/recipes/hello/build/tmp/sysroots/x86_64-linux/usr/include -O2 -pipe -isystem/media/OE/poky/meta-ettus/recipes/hello/build/tmp/sysroots/x86_64-linux/usr/include conftest.c >&5
configure:8140: $? = 0
configure:8140: result: yes
configure:8154: checking for dlfcn.h
configure:8154: ccache gcc -c -isystem/media/OE/poky/meta-ettus/recipes/hello/build/tmp/sysroots/x86_64-linux/usr/include -O2 -pipe -isystem/media/OE/poky/meta-ettus/recipes/hello/build/tmp/sysroots/x86_64-linux/usr/include conftest.c >&5
configure:8154: $? = 0
configure:8154: result: yes
configure:8361: checking for objdir
configure:8376: result: .libs
configure:8643: checking if ccache gcc supports -fno-rtti -fno-exceptions
configure:8661: ccache gcc -c -isystem/media/OE/poky/meta-ettus/recipes/hello/build/tmp/sysroots/x86_64-linux/usr/include -O2 -pipe -isystem/media/OE/poky/meta-ettus/recipes/hello/build/tmp/sysroots/x86_64-linux/usr/include -fno-rtti -fno-exceptions conftest.c >&5
cc1: warning: command line option '-fno-rtti' is valid for C++/ObjC++ but not for C [enabled by default]
cc1: warning: command line option '-fno-rtti' is valid for C++/ObjC++ but not for C [enabled by default]
configure:8665: $? = 0
configure:8678: result: no
configure:9005: checking for ccache gcc option to produce PIC
configure:9012: result: -fPIC -DPIC
configure:9020: checking if ccache gcc PIC flag -fPIC -DPIC works
configure:9038: ccache gcc -c -isystem/media/OE/poky/meta-ettus/recipes/hello/build/tmp/sysroots/x86_64-linux/usr/include -O2 -pipe -isystem/media/OE/poky/meta-ettus/recipes/hello/build/tmp/sysroots/x86_64-linux/usr/include -fPIC -DPIC -DPIC conftest.c >&5
configure:9042: $? = 0
configure:9055: result: yes
configure:9084: checking if ccache gcc static flag -static works
configure:9112: result: yes
configure:9127: checking if ccache gcc supports -c -o file.o
configure:9148: ccache gcc -c -isystem/media/OE/poky/meta-ettus/recipes/hello/build/tmp/sysroots/x86_64-linux/usr/include -O2 -pipe -isystem/media/OE/poky/meta-ettus/recipes/hello/build/tmp/sysroots/x86_64-linux/usr/include -o out/conftest2.o conftest.c >&5
configure:9152: $? = 0
configure:9174: result: yes
configure:9182: checking if ccache gcc supports -c -o file.o
configure:9229: result: yes
configure:9262: checking whether the ccache gcc linker (ld -m elf_x86_64) supports shared libraries
configure:10415: result: yes
configure:10452: checking whether -lc should be explicitly linked in
configure:10460: ccache gcc -c -isystem/media/OE/poky/meta-ettus/recipes/hello/build/tmp/sysroots/x86_64-linux/usr/include -O2 -pipe -isystem/media/OE/poky/meta-ettus/recipes/hello/build/tmp/sysroots/x86_64-linux/usr/include conftest.c >&5
configure:10463: $? = 0
configure:10478: ccache gcc -shared  -fPIC -DPIC conftest.o  -v -Wl,-soname -Wl,conftest -o conftest 2\>\&1 \| /bin/grep  -lc  \>/dev/null 2\>\&1
configure:10481: $? = 0
configure:10495: result: no
configure:10655: checking dynamic linker characteristics
configure:11166: ccache gcc -o conftest -isystem/media/OE/poky/meta-ettus/recipes/hello/build/tmp/sysroots/x86_64-linux/usr/include -O2 -pipe -isystem/media/OE/poky/meta-ettus/recipes/hello/build/tmp/sysroots/x86_64-linux/usr/include -L/media/OE/poky/meta-ettus/recipes/hello/build/tmp/sysroots/x86_64-linux/usr/lib -L/media/OE/poky/meta-ettus/recipes/hello/build/tmp/sysroots/x86_64-linux/lib -Wl,-rpath-link,/media/OE/poky/meta-ettus/recipes/hello/build/tmp/sysroots/x86_64-linux/usr/lib -Wl,-rpath-link,/media/OE/poky/meta-ettus/recipes/hello/build/tmp/sysroots/x86_64-linux/lib -Wl,-rpath,/media/OE/poky/meta-ettus/recipes/hello/build/tmp/sysroots/x86_64-linux/usr/lib -Wl,-rpath,/media/OE/poky/meta-ettus/recipes/hello/build/tmp/sysroots/x86_64-linux/lib -Wl,-O1 -Wl,-rpath -Wl,/foo conftest.c  >&5
configure:11166: $? = 0
configure:11388: result: GNU/Linux ld.so
configure:11495: checking how to hardcode library paths into programs
configure:11520: result: immediate
configure:12060: checking whether stripping libraries is possible
configure:12065: result: yes
configure:12100: checking if libtool supports shared libraries
configure:12102: result: yes
configure:12105: checking whether to build shared libraries
configure:12126: result: yes
configure:12129: checking whether to build static libraries
configure:12133: result: yes
configure:12176: checking for fdatasync
configure:12176: ccache gcc -o conftest -isystem/media/OE/poky/meta-ettus/recipes/hello/build/tmp/sysroots/x86_64-linux/usr/include -O2 -pipe -isystem/media/OE/poky/meta-ettus/recipes/hello/build/tmp/sysroots/x86_64-linux/usr/include -L/media/OE/poky/meta-ettus/recipes/hello/build/tmp/sysroots/x86_64-linux/usr/lib -L/media/OE/poky/meta-ettus/recipes/hello/build/tmp/sysroots/x86_64-linux/lib -Wl,-rpath-link,/media/OE/poky/meta-ettus/recipes/hello/build/tmp/sysroots/x86_64-linux/usr/lib -Wl,-rpath-link,/media/OE/poky/meta-ettus/recipes/hello/build/tmp/sysroots/x86_64-linux/lib -Wl,-rpath,/media/OE/poky/meta-ettus/recipes/hello/build/tmp/sysroots/x86_64-linux/usr/lib -Wl,-rpath,/media/OE/poky/meta-ettus/recipes/hello/build/tmp/sysroots/x86_64-linux/lib -Wl,-O1 conftest.c  >&5
configure:12176: $? = 0
configure:12176: result: yes
configure:12176: checking for usleep
configure:12176: ccache gcc -o conftest -isystem/media/OE/poky/meta-ettus/recipes/hello/build/tmp/sysroots/x86_64-linux/usr/include -O2 -pipe -isystem/media/OE/poky/meta-ettus/recipes/hello/build/tmp/sysroots/x86_64-linux/usr/include -L/media/OE/poky/meta-ettus/recipes/hello/build/tmp/sysroots/x86_64-linux/usr/lib -L/media/OE/poky/meta-ettus/recipes/hello/build/tmp/sysroots/x86_64-linux/lib -Wl,-rpath-link,/media/OE/poky/meta-ettus/recipes/hello/build/tmp/sysroots/x86_64-linux/usr/lib -Wl,-rpath-link,/media/OE/poky/meta-ettus/recipes/hello/build/tmp/sysroots/x86_64-linux/lib -Wl,-rpath,/media/OE/poky/meta-ettus/recipes/hello/build/tmp/sysroots/x86_64-linux/usr/lib -Wl,-rpath,/media/OE/poky/meta-ettus/recipes/hello/build/tmp/sysroots/x86_64-linux/lib -Wl,-O1 conftest.c  >&5
configure:12176: $? = 0
configure:12176: result: yes
configure:12176: checking for fullfsync
configure:12176: ccache gcc -o conftest -isystem/media/OE/poky/meta-ettus/recipes/hello/build/tmp/sysroots/x86_64-linux/usr/include -O2 -pipe -isystem/media/OE/poky/meta-ettus/recipes/hello/build/tmp/sysroots/x86_64-linux/usr/include -L/media/OE/poky/meta-ettus/recipes/hello/build/tmp/sysroots/x86_64-linux/usr/lib -L/media/OE/poky/meta-ettus/recipes/hello/build/tmp/sysroots/x86_64-linux/lib -Wl,-rpath-link,/media/OE/poky/meta-ettus/recipes/hello/build/tmp/sysroots/x86_64-linux/usr/lib -Wl,-rpath-link,/media/OE/poky/meta-ettus/recipes/hello/build/tmp/sysroots/x86_64-linux/lib -Wl,-rpath,/media/OE/poky/meta-ettus/recipes/hello/build/tmp/sysroots/x86_64-linux/usr/lib -Wl,-rpath,/media/OE/poky/meta-ettus/recipes/hello/build/tmp/sysroots/x86_64-linux/lib -Wl,-O1 conftest.c  >&5
/tmp/ccmFFRVf.o: In function `main':
conftest.c:(.text.startup+0x7): undefined reference to `fullfsync'
collect2: ld returned 1 exit status
configure:12176: $? = 1
configure: failed program was:
| /* confdefs.h */
| #define PACKAGE_NAME "sqlite"
| #define PACKAGE_TARNAME "sqlite"
| #define PACKAGE_VERSION "3.7.10"
| #define PACKAGE_STRING "sqlite 3.7.10"
| #define PACKAGE_BUGREPORT "http://www.sqlite.org"
| #define PACKAGE_URL ""
| #define PACKAGE "sqlite"
| #define VERSION "3.7.10"
| #define STDC_HEADERS 1
| #define HAVE_SYS_TYPES_H 1
| #define HAVE_SYS_STAT_H 1
| #define HAVE_STDLIB_H 1
| #define HAVE_STRING_H 1
| #define HAVE_MEMORY_H 1
| #define HAVE_STRINGS_H 1
| #define HAVE_INTTYPES_H 1
| #define HAVE_STDINT_H 1
| #define HAVE_UNISTD_H 1
| #define HAVE_DLFCN_H 1
| #define LT_OBJDIR ".libs/"
| #define HAVE_FDATASYNC 1
| #define HAVE_USLEEP 1
| /* end confdefs.h.  */
| /* Define fullfsync to an innocuous variant, in case <limits.h> declares fullfsync.
|    For example, HP-UX 11i <limits.h> declares gettimeofday.  */
| #define fullfsync innocuous_fullfsync
| 
| /* System header to define __stub macros and hopefully few prototypes,
|     which can conflict with char fullfsync (); below.
|     Prefer <limits.h> to <assert.h> if __STDC__ is defined, since
|     <limits.h> exists even on freestanding compilers.  */
| 
| #ifdef __STDC__
| # include <limits.h>
| #else
| # include <assert.h>
| #endif
| 
| #undef fullfsync
| 
| /* Override any GCC internal prototype to avoid an error.
|    Use char because int might match the return type of a GCC
|    builtin and then its argument prototype would still apply.  */
| #ifdef __cplusplus
| extern "C"
| #endif
| char fullfsync ();
| /* The GNU C library defines this for functions which it implements
|     to always fail with ENOSYS.  Some functions are actually named
|     something starting with __ and the normal name is an alias.  */
| #if defined __stub_fullfsync || defined __stub___fullfsync
| choke me
| #endif
| 
| int
| main ()
| {
| return fullfsync ();
|   ;
|   return 0;
| }
configure:12176: result: no
configure:12176: checking for localtime_r
configure:12176: ccache gcc -o conftest -isystem/media/OE/poky/meta-ettus/recipes/hello/build/tmp/sysroots/x86_64-linux/usr/include -O2 -pipe -isystem/media/OE/poky/meta-ettus/recipes/hello/build/tmp/sysroots/x86_64-linux/usr/include -L/media/OE/poky/meta-ettus/recipes/hello/build/tmp/sysroots/x86_64-linux/usr/lib -L/media/OE/poky/meta-ettus/recipes/hello/build/tmp/sysroots/x86_64-linux/lib -Wl,-rpath-link,/media/OE/poky/meta-ettus/recipes/hello/build/tmp/sysroots/x86_64-linux/usr/lib -Wl,-rpath-link,/media/OE/poky/meta-ettus/recipes/hello/build/tmp/sysroots/x86_64-linux/lib -Wl,-rpath,/media/OE/poky/meta-ettus/recipes/hello/build/tmp/sysroots/x86_64-linux/usr/lib -Wl,-rpath,/media/OE/poky/meta-ettus/recipes/hello/build/tmp/sysroots/x86_64-linux/lib -Wl,-O1 conftest.c  >&5
configure:12176: $? = 0
configure:12176: result: yes
configure:12176: checking for gmtime_r
configure:12176: ccache gcc -o conftest -isystem/media/OE/poky/meta-ettus/recipes/hello/build/tmp/sysroots/x86_64-linux/usr/include -O2 -pipe -isystem/media/OE/poky/meta-ettus/recipes/hello/build/tmp/sysroots/x86_64-linux/usr/include -L/media/OE/poky/meta-ettus/recipes/hello/build/tmp/sysroots/x86_64-linux/usr/lib -L/media/OE/poky/meta-ettus/recipes/hello/build/tmp/sysroots/x86_64-linux/lib -Wl,-rpath-link,/media/OE/poky/meta-ettus/recipes/hello/build/tmp/sysroots/x86_64-linux/usr/lib -Wl,-rpath-link,/media/OE/poky/meta-ettus/recipes/hello/build/tmp/sysroots/x86_64-linux/lib -Wl,-rpath,/media/OE/poky/meta-ettus/recipes/hello/build/tmp/sysroots/x86_64-linux/usr/lib -Wl,-rpath,/media/OE/poky/meta-ettus/recipes/hello/build/tmp/sysroots/x86_64-linux/lib -Wl,-O1 conftest.c  >&5
configure:12176: $? = 0
configure:12176: result: yes
configure:12185: checking whether strerror_r is declared
configure:12185: ccache gcc -c -isystem/media/OE/poky/meta-ettus/recipes/hello/build/tmp/sysroots/x86_64-linux/usr/include -O2 -pipe -isystem/media/OE/poky/meta-ettus/recipes/hello/build/tmp/sysroots/x86_64-linux/usr/include conftest.c >&5
configure:12185: $? = 0
configure:12185: result: yes
configure:12198: checking for strerror_r
configure:12198: ccache gcc -o conftest -isystem/media/OE/poky/meta-ettus/recipes/hello/build/tmp/sysroots/x86_64-linux/usr/include -O2 -pipe -isystem/media/OE/poky/meta-ettus/recipes/hello/build/tmp/sysroots/x86_64-linux/usr/include -L/media/OE/poky/meta-ettus/recipes/hello/build/tmp/sysroots/x86_64-linux/usr/lib -L/media/OE/poky/meta-ettus/recipes/hello/build/tmp/sysroots/x86_64-linux/lib -Wl,-rpath-link,/media/OE/poky/meta-ettus/recipes/hello/build/tmp/sysroots/x86_64-linux/usr/lib -Wl,-rpath-link,/media/OE/poky/meta-ettus/recipes/hello/build/tmp/sysroots/x86_64-linux/lib -Wl,-rpath,/media/OE/poky/meta-ettus/recipes/hello/build/tmp/sysroots/x86_64-linux/usr/lib -Wl,-rpath,/media/OE/poky/meta-ettus/recipes/hello/build/tmp/sysroots/x86_64-linux/lib -Wl,-O1 conftest.c  >&5
configure:12198: $? = 0
configure:12198: result: yes
configure:12207: checking whether strerror_r returns char *
configure:12231: ccache gcc -c -isystem/media/OE/poky/meta-ettus/recipes/hello/build/tmp/sysroots/x86_64-linux/usr/include -O2 -pipe -isystem/media/OE/poky/meta-ettus/recipes/hello/build/tmp/sysroots/x86_64-linux/usr/include conftest.c >&5
conftest.c: In function 'main':
conftest.c:67:13: error: invalid type argument of unary '*' (have 'int')
conftest.c:68:14: warning: initialization makes pointer from integer without a cast [enabled by default]
configure:12231: $? = 1
configure: failed program was:
| /* confdefs.h */
| #define PACKAGE_NAME "sqlite"
| #define PACKAGE_TARNAME "sqlite"
| #define PACKAGE_VERSION "3.7.10"
| #define PACKAGE_STRING "sqlite 3.7.10"
| #define PACKAGE_BUGREPORT "http://www.sqlite.org"
| #define PACKAGE_URL ""
| #define PACKAGE "sqlite"
| #define VERSION "3.7.10"
| #define STDC_HEADERS 1
| #define HAVE_SYS_TYPES_H 1
| #define HAVE_SYS_STAT_H 1
| #define HAVE_STDLIB_H 1
| #define HAVE_STRING_H 1
| #define HAVE_MEMORY_H 1
| #define HAVE_STRINGS_H 1
| #define HAVE_INTTYPES_H 1
| #define HAVE_STDINT_H 1
| #define HAVE_UNISTD_H 1
| #define HAVE_DLFCN_H 1
| #define LT_OBJDIR ".libs/"
| #define HAVE_FDATASYNC 1
| #define HAVE_USLEEP 1
| #define HAVE_LOCALTIME_R 1
| #define HAVE_GMTIME_R 1
| #define HAVE_DECL_STRERROR_R 1
| #define HAVE_STRERROR_R 1
| /* end confdefs.h.  */
| #include <stdio.h>
| #ifdef HAVE_SYS_TYPES_H
| # include <sys/types.h>
| #endif
| #ifdef HAVE_SYS_STAT_H
| # include <sys/stat.h>
| #endif
| #ifdef STDC_HEADERS
| # include <stdlib.h>
| # include <stddef.h>
| #else
| # ifdef HAVE_STDLIB_H
| #  include <stdlib.h>
| # endif
| #endif
| #ifdef HAVE_STRING_H
| # if !defined STDC_HEADERS && defined HAVE_MEMORY_H
| #  include <memory.h>
| # endif
| # include <string.h>
| #endif
| #ifdef HAVE_STRINGS_H
| # include <strings.h>
| #endif
| #ifdef HAVE_INTTYPES_H
| # include <inttypes.h>
| #endif
| #ifdef HAVE_STDINT_H
| # include <stdint.h>
| #endif
| #ifdef HAVE_UNISTD_H
| # include <unistd.h>
| #endif
| int
| main ()
| {
| 
| 	  char buf[100];
| 	  char x = *strerror_r (0, buf, sizeof buf);
| 	  char *p = strerror_r (0, buf, sizeof buf);
| 	  return !p || x;
| 
|   ;
|   return 0;
| }
configure:12269: result: no
configure:12439: checking for library containing pthread_create
configure:12470: ccache gcc -o conftest -isystem/media/OE/poky/meta-ettus/recipes/hello/build/tmp/sysroots/x86_64-linux/usr/include -O2 -pipe -isystem/media/OE/poky/meta-ettus/recipes/hello/build/tmp/sysroots/x86_64-linux/usr/include -L/media/OE/poky/meta-ettus/recipes/hello/build/tmp/sysroots/x86_64-linux/usr/lib -L/media/OE/poky/meta-ettus/recipes/hello/build/tmp/sysroots/x86_64-linux/lib -Wl,-rpath-link,/media/OE/poky/meta-ettus/recipes/hello/build/tmp/sysroots/x86_64-linux/usr/lib -Wl,-rpath-link,/media/OE/poky/meta-ettus/recipes/hello/build/tmp/sysroots/x86_64-linux/lib -Wl,-rpath,/media/OE/poky/meta-ettus/recipes/hello/build/tmp/sysroots/x86_64-linux/usr/lib -Wl,-rpath,/media/OE/poky/meta-ettus/recipes/hello/build/tmp/sysroots/x86_64-linux/lib -Wl,-O1 conftest.c  >&5
/tmp/ccSwuVcr.o: In function `main':
conftest.c:(.text.startup+0x7): undefined reference to `pthread_create'
collect2: ld returned 1 exit status
configure:12470: $? = 1
configure: failed program was:
| /* confdefs.h */
| #define PACKAGE_NAME "sqlite"
| #define PACKAGE_TARNAME "sqlite"
| #define PACKAGE_VERSION "3.7.10"
| #define PACKAGE_STRING "sqlite 3.7.10"
| #define PACKAGE_BUGREPORT "http://www.sqlite.org"
| #define PACKAGE_URL ""
| #define PACKAGE "sqlite"
| #define VERSION "3.7.10"
| #define STDC_HEADERS 1
| #define HAVE_SYS_TYPES_H 1
| #define HAVE_SYS_STAT_H 1
| #define HAVE_STDLIB_H 1
| #define HAVE_STRING_H 1
| #define HAVE_MEMORY_H 1
| #define HAVE_STRINGS_H 1
| #define HAVE_INTTYPES_H 1
| #define HAVE_STDINT_H 1
| #define HAVE_UNISTD_H 1
| #define HAVE_DLFCN_H 1
| #define LT_OBJDIR ".libs/"
| #define HAVE_FDATASYNC 1
| #define HAVE_USLEEP 1
| #define HAVE_LOCALTIME_R 1
| #define HAVE_GMTIME_R 1
| #define HAVE_DECL_STRERROR_R 1
| #define HAVE_STRERROR_R 1
| /* end confdefs.h.  */
| 
| /* Override any GCC internal prototype to avoid an error.
|    Use char because int might match the return type of a GCC
|    builtin and then its argument prototype would still apply.  */
| #ifdef __cplusplus
| extern "C"
| #endif
| char pthread_create ();
| int
| main ()
| {
| return pthread_create ();
|   ;
|   return 0;
| }
configure:12470: ccache gcc -o conftest -isystem/media/OE/poky/meta-ettus/recipes/hello/build/tmp/sysroots/x86_64-linux/usr/include -O2 -pipe -isystem/media/OE/poky/meta-ettus/recipes/hello/build/tmp/sysroots/x86_64-linux/usr/include -L/media/OE/poky/meta-ettus/recipes/hello/build/tmp/sysroots/x86_64-linux/usr/lib -L/media/OE/poky/meta-ettus/recipes/hello/build/tmp/sysroots/x86_64-linux/lib -Wl,-rpath-link,/media/OE/poky/meta-ettus/recipes/hello/build/tmp/sysroots/x86_64-linux/usr/lib -Wl,-rpath-link,/media/OE/poky/meta-ettus/recipes/hello/build/tmp/sysroots/x86_64-linux/lib -Wl,-rpath,/media/OE/poky/meta-ettus/recipes/hello/build/tmp/sysroots/x86_64-linux/usr/lib -Wl,-rpath,/media/OE/poky/meta-ettus/recipes/hello/build/tmp/sysroots/x86_64-linux/lib -Wl,-O1 conftest.c -lpthread   >&5
configure:12470: $? = 0
configure:12487: result: -lpthread
configure:12510: checking for library containing dlopen
configure:12541: ccache gcc -o conftest -isystem/media/OE/poky/meta-ettus/recipes/hello/build/tmp/sysroots/x86_64-linux/usr/include -O2 -pipe -isystem/media/OE/poky/meta-ettus/recipes/hello/build/tmp/sysroots/x86_64-linux/usr/include -L/media/OE/poky/meta-ettus/recipes/hello/build/tmp/sysroots/x86_64-linux/usr/lib -L/media/OE/poky/meta-ettus/recipes/hello/build/tmp/sysroots/x86_64-linux/lib -Wl,-rpath-link,/media/OE/poky/meta-ettus/recipes/hello/build/tmp/sysroots/x86_64-linux/usr/lib -Wl,-rpath-link,/media/OE/poky/meta-ettus/recipes/hello/build/tmp/sysroots/x86_64-linux/lib -Wl,-rpath,/media/OE/poky/meta-ettus/recipes/hello/build/tmp/sysroots/x86_64-linux/usr/lib -Wl,-rpath,/media/OE/poky/meta-ettus/recipes/hello/build/tmp/sysroots/x86_64-linux/lib -Wl,-O1 conftest.c -lpthread  >&5
/tmp/ccr2Gd4u.o: In function `main':
conftest.c:(.text.startup+0x7): undefined reference to `dlopen'
collect2: ld returned 1 exit status
configure:12541: $? = 1
configure: failed program was:
| /* confdefs.h */
| #define PACKAGE_NAME "sqlite"
| #define PACKAGE_TARNAME "sqlite"
| #define PACKAGE_VERSION "3.7.10"
| #define PACKAGE_STRING "sqlite 3.7.10"
| #define PACKAGE_BUGREPORT "http://www.sqlite.org"
| #define PACKAGE_URL ""
| #define PACKAGE "sqlite"
| #define VERSION "3.7.10"
| #define STDC_HEADERS 1
| #define HAVE_SYS_TYPES_H 1
| #define HAVE_SYS_STAT_H 1
| #define HAVE_STDLIB_H 1
| #define HAVE_STRING_H 1
| #define HAVE_MEMORY_H 1
| #define HAVE_STRINGS_H 1
| #define HAVE_INTTYPES_H 1
| #define HAVE_STDINT_H 1
| #define HAVE_UNISTD_H 1
| #define HAVE_DLFCN_H 1
| #define LT_OBJDIR ".libs/"
| #define HAVE_FDATASYNC 1
| #define HAVE_USLEEP 1
| #define HAVE_LOCALTIME_R 1
| #define HAVE_GMTIME_R 1
| #define HAVE_DECL_STRERROR_R 1
| #define HAVE_STRERROR_R 1
| /* end confdefs.h.  */
| 
| /* Override any GCC internal prototype to avoid an error.
|    Use char because int might match the return type of a GCC
|    builtin and then its argument prototype would still apply.  */
| #ifdef __cplusplus
| extern "C"
| #endif
| char dlopen ();
| int
| main ()
| {
| return dlopen ();
|   ;
|   return 0;
| }
configure:12541: ccache gcc -o conftest -isystem/media/OE/poky/meta-ettus/recipes/hello/build/tmp/sysroots/x86_64-linux/usr/include -O2 -pipe -isystem/media/OE/poky/meta-ettus/recipes/hello/build/tmp/sysroots/x86_64-linux/usr/include -L/media/OE/poky/meta-ettus/recipes/hello/build/tmp/sysroots/x86_64-linux/usr/lib -L/media/OE/poky/meta-ettus/recipes/hello/build/tmp/sysroots/x86_64-linux/lib -Wl,-rpath-link,/media/OE/poky/meta-ettus/recipes/hello/build/tmp/sysroots/x86_64-linux/usr/lib -Wl,-rpath-link,/media/OE/poky/meta-ettus/recipes/hello/build/tmp/sysroots/x86_64-linux/lib -Wl,-rpath,/media/OE/poky/meta-ettus/recipes/hello/build/tmp/sysroots/x86_64-linux/usr/lib -Wl,-rpath,/media/OE/poky/meta-ettus/recipes/hello/build/tmp/sysroots/x86_64-linux/lib -Wl,-O1 conftest.c -ldl  -lpthread  >&5
configure:12541: $? = 0
configure:12558: result: -ldl
configure:12569: checking for whether to support dynamic extensions
configure:12571: result: yes
configure:12578: checking for posix_fallocate
configure:12578: ccache gcc -o conftest -isystem/media/OE/poky/meta-ettus/recipes/hello/build/tmp/sysroots/x86_64-linux/usr/include -O2 -pipe -isystem/media/OE/poky/meta-ettus/recipes/hello/build/tmp/sysroots/x86_64-linux/usr/include -L/media/OE/poky/meta-ettus/recipes/hello/build/tmp/sysroots/x86_64-linux/usr/lib -L/media/OE/poky/meta-ettus/recipes/hello/build/tmp/sysroots/x86_64-linux/lib -Wl,-rpath-link,/media/OE/poky/meta-ettus/recipes/hello/build/tmp/sysroots/x86_64-linux/usr/lib -Wl,-rpath-link,/media/OE/poky/meta-ettus/recipes/hello/build/tmp/sysroots/x86_64-linux/lib -Wl,-rpath,/media/OE/poky/meta-ettus/recipes/hello/build/tmp/sysroots/x86_64-linux/usr/lib -Wl,-rpath,/media/OE/poky/meta-ettus/recipes/hello/build/tmp/sysroots/x86_64-linux/lib -Wl,-O1 conftest.c -ldl -lpthread  >&5
configure:12578: $? = 0
configure:12578: result: yes
configure:12783: creating ./config.status

## ---------------------- ##
## Running config.status. ##
## ---------------------- ##

This file was extended by sqlite config.status 3.7.10, which was
generated by GNU Autoconf 2.68.  Invocation command line was

  CONFIG_FILES    = 
  CONFIG_HEADERS  = 
  CONFIG_LINKS    = 
  CONFIG_COMMANDS = 
  $ ./config.status 

on mmoselhy-lptp.egc.mentorg.com

config.status:1023: creating Makefile
config.status:1023: creating sqlite3.pc
config.status:1195: executing depfiles commands
config.status:1195: executing libtool commands
configure:14831: WARNING: unrecognized options: --disable-silent-rules, --disable-tcl, --enable-tempstore

## ---------------- ##
## Cache variables. ##
## ---------------- ##

ac_cv_build=x86_64-pc-linux-gnu
ac_cv_c_compiler_gnu=yes
ac_cv_env_CC_set=set
ac_cv_env_CC_value='ccache gcc'
ac_cv_env_CFLAGS_set=set
ac_cv_env_CFLAGS_value='-isystem/media/OE/poky/meta-ettus/recipes/hello/build/tmp/sysroots/x86_64-linux/usr/include -O2 -pipe'
ac_cv_env_CPPFLAGS_set=set
ac_cv_env_CPPFLAGS_value=-isystem/media/OE/poky/meta-ettus/recipes/hello/build/tmp/sysroots/x86_64-linux/usr/include
ac_cv_env_CPP_set=set
ac_cv_env_CPP_value='gcc  -E'
ac_cv_env_LDFLAGS_set=set
ac_cv_env_LDFLAGS_value='-L/media/OE/poky/meta-ettus/recipes/hello/build/tmp/sysroots/x86_64-linux/usr/lib -L/media/OE/poky/meta-ettus/recipes/hello/build/tmp/sysroots/x86_64-linux/lib -Wl,-rpath-link,/media/OE/poky/meta-ettus/recipes/hello/build/tmp/sysroots/x86_64-linux/usr/lib -Wl,-rpath-link,/media/OE/poky/meta-ettus/recipes/hello/build/tmp/sysroots/x86_64-linux/lib -Wl,-rpath,/media/OE/poky/meta-ettus/recipes/hello/build/tmp/sysroots/x86_64-linux/usr/lib -Wl,-rpath,/media/OE/poky/meta-ettus/recipes/hello/build/tmp/sysroots/x86_64-linux/lib -Wl,-O1'
ac_cv_env_LIBS_set=
ac_cv_env_LIBS_value=
ac_cv_env_build_alias_set=set
ac_cv_env_build_alias_value=x86_64-linux
ac_cv_env_host_alias_set=set
ac_cv_env_host_alias_value=x86_64-linux
ac_cv_env_target_alias_set=set
ac_cv_env_target_alias_value=x86_64-linux
ac_cv_func_fdatasync=yes
ac_cv_func_fullfsync=no
ac_cv_func_gmtime_r=yes
ac_cv_func_localtime_r=yes
ac_cv_func_posix_fallocate=yes
ac_cv_func_strerror_r=yes
ac_cv_func_strerror_r_char_p=no
ac_cv_func_usleep=yes
ac_cv_have_decl_strerror_r=yes
ac_cv_header_dlfcn_h=yes
ac_cv_header_inttypes_h=yes
ac_cv_header_memory_h=yes
ac_cv_header_stdc=yes
ac_cv_header_stdint_h=yes
ac_cv_header_stdlib_h=yes
ac_cv_header_string_h=yes
ac_cv_header_strings_h=yes
ac_cv_header_sys_stat_h=yes
ac_cv_header_sys_types_h=yes
ac_cv_header_unistd_h=yes
ac_cv_host=x86_64-pc-linux-gnu
ac_cv_objext=o
ac_cv_path_EGREP='/bin/grep -E'
ac_cv_path_FGREP='/bin/grep -F'
ac_cv_path_GREP=/bin/grep
ac_cv_path_SED=/bin/sed
ac_cv_path_install='/usr/bin/install -c'
ac_cv_path_mkdir=/bin/mkdir
ac_cv_prog_AR=ar
ac_cv_prog_AWK=gawk
ac_cv_prog_CC='ccache gcc'
ac_cv_prog_CPP='gcc  -E'
ac_cv_prog_OBJDUMP=objdump
ac_cv_prog_RANLIB=ranlib
ac_cv_prog_STRIP=strip
ac_cv_prog_cc_c89=
ac_cv_prog_cc_g=yes
ac_cv_prog_make_make_set=yes
ac_cv_search_dlopen=-ldl
ac_cv_search_pthread_create=-lpthread
ac_cv_sys_file_offset_bits=no
ac_cv_sys_largefile_CC=no
am_cv_CC_dependencies_compiler_type=none
lt_cv_ar_at_file=@
lt_cv_archive_cmds_need_lc=no
lt_cv_deplibs_check_method=pass_all
lt_cv_file_magic_cmd='$MAGIC_CMD'
lt_cv_file_magic_test_file=
lt_cv_ld_reload_flag=-r
lt_cv_nm_interface='BSD nm'
lt_cv_objdir=.libs
lt_cv_path_LD=ld
lt_cv_path_NM=nm
lt_cv_path_mainfest_tool=no
lt_cv_prog_compiler_c_o=yes
lt_cv_prog_compiler_pic='-fPIC -DPIC'
lt_cv_prog_compiler_pic_works=yes
lt_cv_prog_compiler_rtti_exceptions=no
lt_cv_prog_compiler_static_works=yes
lt_cv_prog_gnu_ld=yes
lt_cv_sharedlib_from_linklib_cmd='printf %s\n'
lt_cv_shlibpath_overrides_runpath=no
lt_cv_sys_global_symbol_pipe='sed -n -e '\''s/^.*[	 ]\([ABCDGIRSTW][ABCDGIRSTW]*\)[	 ][	 ]*\([_A-Za-z][_A-Za-z0-9]*\)$/\1 \2 \2/p'\'' | sed '\''/ __gnu_lto/d'\'''
lt_cv_sys_global_symbol_to_c_name_address='sed -n -e '\''s/^: \([^ ]*\)[ ]*$/  {\"\1\", (void *) 0},/p'\'' -e '\''s/^[ABCDGIRSTW]* \([^ ]*\) \([^ ]*\)$/  {"\2", (void *) \&\2},/p'\'''
lt_cv_sys_global_symbol_to_c_name_address_lib_prefix='sed -n -e '\''s/^: \([^ ]*\)[ ]*$/  {\"\1\", (void *) 0},/p'\'' -e '\''s/^[ABCDGIRSTW]* \([^ ]*\) \(lib[^ ]*\)$/  {"\2", (void *) \&\2},/p'\'' -e '\''s/^[ABCDGIRSTW]* \([^ ]*\) \([^ ]*\)$/  {"lib\2", (void *) \&\2},/p'\'''
lt_cv_sys_global_symbol_to_cdecl='sed -n -e '\''s/^T .* \(.*\)$/extern int \1();/p'\'' -e '\''s/^[ABCDGIRSTW]* .* \(.*\)$/extern char \1;/p'\'''
lt_cv_sys_max_cmd_len=1572864
lt_cv_to_host_file_cmd=func_convert_file_noop
lt_cv_to_tool_file_cmd=func_convert_file_noop

## ----------------- ##
## Output variables. ##
## ----------------- ##

ACLOCAL='${SHELL} /media/OE/poky/meta-ettus/recipes/hello/build/tmp/work/x86_64-linux/sqlite3-native-3.7.10-r1/sqlite-autoconf-3071000/missing --run aclocal-1.11'
AMDEPBACKSLASH=''
AMDEP_FALSE=''
AMDEP_TRUE='#'
AMTAR='${SHELL} /media/OE/poky/meta-ettus/recipes/hello/build/tmp/work/x86_64-linux/sqlite3-native-3.7.10-r1/sqlite-autoconf-3071000/missing --run tar'
AR='ar'
AUTOCONF='${SHELL} /media/OE/poky/meta-ettus/recipes/hello/build/tmp/work/x86_64-linux/sqlite3-native-3.7.10-r1/sqlite-autoconf-3071000/missing --run autoconf'
AUTOHEADER='${SHELL} /media/OE/poky/meta-ettus/recipes/hello/build/tmp/work/x86_64-linux/sqlite3-native-3.7.10-r1/sqlite-autoconf-3071000/missing --run autoheader'
AUTOMAKE='${SHELL} /media/OE/poky/meta-ettus/recipes/hello/build/tmp/work/x86_64-linux/sqlite3-native-3.7.10-r1/sqlite-autoconf-3071000/missing --run automake-1.11'
AWK='gawk'
BUILD_CFLAGS='-isystem/media/OE/poky/meta-ettus/recipes/hello/build/tmp/sysroots/x86_64-linux/usr/include -O2 -pipe'
CC='ccache gcc'
CCDEPMODE='depmode=none'
CFLAGS='-isystem/media/OE/poky/meta-ettus/recipes/hello/build/tmp/sysroots/x86_64-linux/usr/include -O2 -pipe'
CPP='gcc  -E'
CPPFLAGS='-isystem/media/OE/poky/meta-ettus/recipes/hello/build/tmp/sysroots/x86_64-linux/usr/include'
CYGPATH_W='echo'
DEFS='-DPACKAGE_NAME=\"sqlite\" -DPACKAGE_TARNAME=\"sqlite\" -DPACKAGE_VERSION=\"3.7.10\" -DPACKAGE_STRING=\"sqlite\ 3.7.10\" -DPACKAGE_BUGREPORT=\"http://www.sqlite.org\" -DPACKAGE_URL=\"\" -DPACKAGE=\"sqlite\" -DVERSION=\"3.7.10\" -DSTDC_HEADERS=1 -DHAVE_SYS_TYPES_H=1 -DHAVE_SYS_STAT_H=1 -DHAVE_STDLIB_H=1 -DHAVE_STRING_H=1 -DHAVE_MEMORY_H=1 -DHAVE_STRINGS_H=1 -DHAVE_INTTYPES_H=1 -DHAVE_STDINT_H=1 -DHAVE_UNISTD_H=1 -DHAVE_DLFCN_H=1 -DLT_OBJDIR=\".libs/\" -DHAVE_FDATASYNC=1 -DHAVE_USLEEP=1 -DHAVE_LOCALTIME_R=1 -DHAVE_GMTIME_R=1 -DHAVE_DECL_STRERROR_R=1 -DHAVE_STRERROR_R=1 -DHAVE_POSIX_FALLOCATE=1'
DEPDIR='.deps'
DLLTOOL='false'
DSYMUTIL=''
DUMPBIN=''
DYNAMIC_EXTENSION_FLAGS=''
ECHO_C=''
ECHO_N='-n'
ECHO_T=''
EGREP='/bin/grep -E'
EXEEXT=''
FGREP='/bin/grep -F'
GREP='/bin/grep'
INSTALL_DATA='${INSTALL} -m 644'
INSTALL_PROGRAM='${INSTALL}'
INSTALL_SCRIPT='${INSTALL}'
INSTALL_STRIP_PROGRAM='$(install_sh) -c -s'
LD='ld -m elf_x86_64'
LDFLAGS='-L/media/OE/poky/meta-ettus/recipes/hello/build/tmp/sysroots/x86_64-linux/usr/lib -L/media/OE/poky/meta-ettus/recipes/hello/build/tmp/sysroots/x86_64-linux/lib -Wl,-rpath-link,/media/OE/poky/meta-ettus/recipes/hello/build/tmp/sysroots/x86_64-linux/usr/lib -Wl,-rpath-link,/media/OE/poky/meta-ettus/recipes/hello/build/tmp/sysroots/x86_64-linux/lib -Wl,-rpath,/media/OE/poky/meta-ettus/recipes/hello/build/tmp/sysroots/x86_64-linux/usr/lib -Wl,-rpath,/media/OE/poky/meta-ettus/recipes/hello/build/tmp/sysroots/x86_64-linux/lib -Wl,-O1'
LIBOBJS=''
LIBS='-ldl -lpthread '
LIBTOOL='$(top_builddir)/x86_64-linux-libtool'
LIPO=''
LN_S='ln -s'
LTLIBOBJS=''
MAKEINFO='${SHELL} /media/OE/poky/meta-ettus/recipes/hello/build/tmp/work/x86_64-linux/sqlite3-native-3.7.10-r1/sqlite-autoconf-3071000/missing --run makeinfo'
MANIFEST_TOOL=':'
MKDIR_P='/bin/mkdir -p'
NM='nm'
NMEDIT=''
OBJDUMP='objdump'
OBJEXT='o'
OTOOL64=''
OTOOL=''
PACKAGE='sqlite'
PACKAGE_BUGREPORT='http://www.sqlite.org'
PACKAGE_NAME='sqlite'
PACKAGE_STRING='sqlite 3.7.10'
PACKAGE_TARNAME='sqlite'
PACKAGE_URL=''
PACKAGE_VERSION='3.7.10'
PATH_SEPARATOR=':'
RANLIB='ranlib'
READLINE_LIBS=''
SED='/bin/sed'
SET_MAKE=''
SHELL='/bin/sh'
STRIP='strip'
THREADSAFE_FLAGS='-D_REENTRANT=1 -DSQLITE_THREADSAFE=1'
VERSION='3.7.10'
ac_ct_AR=''
ac_ct_CC=''
ac_ct_DUMPBIN=''
am__EXEEXT_FALSE=''
am__EXEEXT_TRUE='#'
am__fastdepCC_FALSE=''
am__fastdepCC_TRUE='#'
am__include='include'
am__isrc=''
am__leading_dot='.'
am__nodep=''
am__quote=''
am__tar='${AMTAR} chof - "$$tardir"'
am__untar='${AMTAR} xf -'
bindir='/media/OE/poky/meta-ettus/recipes/hello/build/tmp/sysroots/x86_64-linux/usr/bin'
build='x86_64-pc-linux-gnu'
build_alias='x86_64-linux'
build_cpu='x86_64'
build_os='linux-gnu'
build_vendor='pc'
datadir='/media/OE/poky/meta-ettus/recipes/hello/build/tmp/sysroots/x86_64-linux/usr/share'
datarootdir='${prefix}/share'
docdir='${datarootdir}/doc/${PACKAGE_TARNAME}'
dvidir='${docdir}'
exec_prefix='/media/OE/poky/meta-ettus/recipes/hello/build/tmp/sysroots/x86_64-linux/usr'
host='x86_64-pc-linux-gnu'
host_alias='x86_64-linux'
host_cpu='x86_64'
host_os='linux-gnu'
host_vendor='pc'
htmldir='${docdir}'
includedir='/media/OE/poky/meta-ettus/recipes/hello/build/tmp/sysroots/x86_64-linux/usr/include'
infodir='/media/OE/poky/meta-ettus/recipes/hello/build/tmp/sysroots/x86_64-linux/usr/share/info'
install_sh='${SHELL} /media/OE/poky/meta-ettus/recipes/hello/build/tmp/work/x86_64-linux/sqlite3-native-3.7.10-r1/sqlite-autoconf-3071000/install-sh'
libdir='/media/OE/poky/meta-ettus/recipes/hello/build/tmp/sysroots/x86_64-linux/usr/lib'
libexecdir='/media/OE/poky/meta-ettus/recipes/hello/build/tmp/sysroots/x86_64-linux/usr/libexec'
localedir='${datarootdir}/locale'
localstatedir='/media/OE/poky/meta-ettus/recipes/hello/build/tmp/sysroots/x86_64-linux/var'
mandir='/media/OE/poky/meta-ettus/recipes/hello/build/tmp/sysroots/x86_64-linux/usr/share/man'
mkdir_p='/bin/mkdir -p'
oldincludedir='/media/OE/poky/meta-ettus/recipes/hello/build/tmp/sysroots/x86_64-linux/usr/include'
pdfdir='${docdir}'
prefix='/media/OE/poky/meta-ettus/recipes/hello/build/tmp/sysroots/x86_64-linux/usr'
program_transform_name='s,x,x,'
psdir='${docdir}'
sbindir='/media/OE/poky/meta-ettus/recipes/hello/build/tmp/sysroots/x86_64-linux/usr/sbin'
sharedstatedir='/media/OE/poky/meta-ettus/recipes/hello/build/tmp/sysroots/x86_64-linux/com'
sysconfdir='/media/OE/poky/meta-ettus/recipes/hello/build/tmp/sysroots/x86_64-linux/etc'
target_alias='x86_64-linux'

## ----------- ##
## confdefs.h. ##
## ----------- ##

/* confdefs.h */
#define PACKAGE_NAME "sqlite"
#define PACKAGE_TARNAME "sqlite"
#define PACKAGE_VERSION "3.7.10"
#define PACKAGE_STRING "sqlite 3.7.10"
#define PACKAGE_BUGREPORT "http://www.sqlite.org"
#define PACKAGE_URL ""
#define PACKAGE "sqlite"
#define VERSION "3.7.10"
#define STDC_HEADERS 1
#define HAVE_SYS_TYPES_H 1
#define HAVE_SYS_STAT_H 1
#define HAVE_STDLIB_H 1
#define HAVE_STRING_H 1
#define HAVE_MEMORY_H 1
#define HAVE_STRINGS_H 1
#define HAVE_INTTYPES_H 1
#define HAVE_STDINT_H 1
#define HAVE_UNISTD_H 1
#define HAVE_DLFCN_H 1
#define LT_OBJDIR ".libs/"
#define HAVE_FDATASYNC 1
#define HAVE_USLEEP 1
#define HAVE_LOCALTIME_R 1
#define HAVE_GMTIME_R 1
#define HAVE_DECL_STRERROR_R 1
#define HAVE_STRERROR_R 1
#define HAVE_POSIX_FALLOCATE 1

configure: exit 0
