This file contains any messages produced by compilers while
running configure, to aid debugging if configure makes a mistake.

It was created by GNU Automake configure 1.11.2, which was
generated by GNU Autoconf 2.68.  Invocation command line was

  $ /media/OE/poky/meta-ettus/recipes/hello/build/tmp/work/x86_64-linux/automake-native-1.11.2-r2/automake-1.11.2/configure --build=x86_64-linux --host=x86_64-linux --target=x86_64-linux --prefix=/media/OE/poky/meta-ettus/recipes/hello/build/tmp/sysroots/x86_64-linux/usr --exec_prefix=/media/OE/poky/meta-ettus/recipes/hello/build/tmp/sysroots/x86_64-linux/usr --bindir=/media/OE/poky/meta-ettus/recipes/hello/build/tmp/sysroots/x86_64-linux/usr/bin --sbindir=/media/OE/poky/meta-ettus/recipes/hello/build/tmp/sysroots/x86_64-linux/usr/sbin --libexecdir=/media/OE/poky/meta-ettus/recipes/hello/build/tmp/sysroots/x86_64-linux/usr/libexec --datadir=/media/OE/poky/meta-ettus/recipes/hello/build/tmp/sysroots/x86_64-linux/usr/share --sysconfdir=/media/OE/poky/meta-ettus/recipes/hello/build/tmp/sysroots/x86_64-linux/etc --sharedstatedir=/media/OE/poky/meta-ettus/recipes/hello/build/tmp/sysroots/x86_64-linux/com --localstatedir=/media/OE/poky/meta-ettus/recipes/hello/build/tmp/sysroots/x86_64-linux/var --libdir=/media/OE/poky/meta-ettus/recipes/hello/build/tmp/sysroots/x86_64-linux/usr/lib --includedir=/media/OE/poky/meta-ettus/recipes/hello/build/tmp/sysroots/x86_64-linux/usr/include --oldincludedir=/media/OE/poky/meta-ettus/recipes/hello/build/tmp/sysroots/x86_64-linux/usr/include --infodir=/media/OE/poky/meta-ettus/recipes/hello/build/tmp/sysroots/x86_64-linux/usr/share/info --mandir=/media/OE/poky/meta-ettus/recipes/hello/build/tmp/sysroots/x86_64-linux/usr/share/man --disable-silent-rules --disable-dependency-tracking

## --------- ##
## Platform. ##
## --------- ##

hostname = mmoselhy-lptp.egc.mentorg.com
uname -m = x86_64
uname -r = 3.2.10-3.fc16.x86_64
uname -s = Linux
uname -v = #1 SMP Thu Mar 15 19:39:46 UTC 2012

/usr/bin/uname -p = unknown
/bin/uname -X     = unknown

/bin/arch              = x86_64
/usr/bin/arch -k       = unknown
/usr/convex/getsysinfo = unknown
/usr/bin/hostinfo      = unknown
/bin/machine           = unknown
/usr/bin/oslevel       = unknown
/bin/universe          = unknown

PATH: /media/OE/poky/meta-ettus/recipes/hello/build/tmp/sysroots/x86_64-linux/usr/bin/i586-linux
PATH: /media/OE/poky/meta-ettus/recipes/hello/build/tmp/sysroots/x86_64-linux/usr/bin
PATH: /media/OE/poky/meta-ettus/recipes/hello/build/tmp/sysroots/x86_64-linux/usr/sbin
PATH: /media/OE/poky/meta-ettus/recipes/hello/build/tmp/sysroots/x86_64-linux/usr/bin
PATH: /media/OE/poky/meta-ettus/recipes/hello/build/tmp/sysroots/x86_64-linux/sbin
PATH: /media/OE/poky/meta-ettus/recipes/hello/build/tmp/sysroots/x86_64-linux//bin
PATH: /media/OE/poky/scripts/native-intercept
PATH: /media/OE/poky/bitbake/bin/
PATH: /media/OE/poky/scripts
PATH: /media/OE/poky/bitbake/bin/
PATH: /usr/lib64/ccache
PATH: /usr/local/bin
PATH: /usr/bin
PATH: /bin
PATH: /usr/local/sbin
PATH: /usr/sbin
PATH: /sbin
PATH: /home/mmoselhy/.local/bin
PATH: /home/mmoselhy/bin
PATH: /media/OE/poky/scripts


## ----------- ##
## Core tests. ##
## ----------- ##

configure:1743: checking build system type
configure:1757: result: x86_64-pc-linux-gnu
configure:1809: checking for a BSD-compatible install
configure:1877: result: /usr/bin/install -c
configure:1888: checking whether build environment is sane
configure:1938: result: yes
configure:2079: checking for a thread-safe mkdir -p
configure:2118: result: /bin/mkdir -p
configure:2131: checking for gawk
configure:2147: found /usr/bin/gawk
configure:2158: result: gawk
configure:2169: checking whether make sets $(MAKE)
configure:2191: result: yes
configure:2293: checking for perl
configure:2311: found /usr/bin/perl
configure:2323: result: /usr/bin/perl
configure:2335: eval /usr/bin/perl --version

This is perl 5, version 14, subversion 2 (v5.14.2) built for x86_64-linux-thread-multi

Copyright 1987-2011, Larry Wall

Perl may be copied only under the terms of either the Artistic License or the
GNU General Public License, which may be found in the Perl 5 source kit.

Complete documentation for Perl, including FAQ lists, should be found on
this system using "man perl" or "perldoc perl".  If you have access to the
Internet, point your browser at http://www.perl.org/, the Perl Home Page.

configure:2338: $? = 0
configure:2348: checking whether /usr/bin/perl supports ithreads
configure:2371: result: yes
configure:2383: checking for tex
configure:2399: found /usr/bin/tex
configure:2410: result: tex
configure:2431: checking whether autoconf is installed
configure:2436: eval autoconf --version
autoconf (GNU Autoconf) 2.68
Copyright (C) 2010 Free Software Foundation, Inc.
License GPLv3+/Autoconf: GNU GPL version 3 or later
<http://gnu.org/licenses/gpl.html>, <http://gnu.org/licenses/exceptions.html>
This is free software: you are free to change and redistribute it.
There is NO WARRANTY, to the extent permitted by law.

Written by David J. MacKenzie and Akim Demaille.
configure:2439: $? = 0
configure:2447: result: yes
configure:2454: checking whether autoconf works
configure:2461: cd conftest && eval autoconf -o /dev/null conftest.ac
configure:2464: $? = 0
configure:2473: result: yes
configure:2480: checking whether autoconf is recent enough
configure:2487: cd conftest && eval autoconf -o /dev/null conftest.ac
configure:2490: $? = 0
configure:2499: result: yes
configure:2506: checking whether ln works
configure:2526: result: yes
configure:2541: checking for grep that handles long lines and -e
configure:2599: result: /bin/grep
configure:2604: checking for egrep
configure:2666: result: /bin/grep -E
configure:2671: checking for fgrep
configure:2733: result: /bin/grep -F
configure:2739: checking whether /bin/sh has working 'set -e' with exit trap
configure:2752: result: yes
configure:2923: creating ./config.status

## ---------------------- ##
## Running config.status. ##
## ---------------------- ##

This file was extended by GNU Automake config.status 1.11.2, which was
generated by GNU Autoconf 2.68.  Invocation command line was

  CONFIG_FILES    = 
  CONFIG_HEADERS  = 
  CONFIG_LINKS    = 
  CONFIG_COMMANDS = 
  $ ./config.status 

on mmoselhy-lptp.egc.mentorg.com

config.status:790: creating Makefile
config.status:790: creating doc/Makefile
config.status:790: creating lib/Automake/Makefile
config.status:790: creating lib/Automake/tests/Makefile
config.status:790: creating lib/Makefile
config.status:790: creating lib/am/Makefile
config.status:790: creating m4/Makefile
config.status:790: creating tests/Makefile
config.status:790: creating tests/defs
config.status:790: creating tests/aclocal-1.11
config.status:790: creating tests/automake-1.11
configure:3973: WARNING: unrecognized options: --disable-silent-rules, --disable-dependency-tracking

## ---------------- ##
## Cache variables. ##
## ---------------- ##

ac_cv_build=x86_64-pc-linux-gnu
ac_cv_env_build_alias_set=set
ac_cv_env_build_alias_value=x86_64-linux
ac_cv_env_host_alias_set=set
ac_cv_env_host_alias_value=x86_64-linux
ac_cv_env_target_alias_set=set
ac_cv_env_target_alias_value=x86_64-linux
ac_cv_path_EGREP='/bin/grep -E'
ac_cv_path_FGREP='/bin/grep -F'
ac_cv_path_GREP=/bin/grep
ac_cv_path_PERL=/usr/bin/perl
ac_cv_path_install='/usr/bin/install -c'
ac_cv_path_mkdir=/bin/mkdir
ac_cv_prog_AWK=gawk
ac_cv_prog_TEX=tex
ac_cv_prog_make_make_set=yes
am_cv_autoconf_installed=yes
am_cv_autoconf_version=yes
am_cv_autoconf_works=yes
am_cv_prog_PERL_ithreads=yes
am_cv_prog_ln=ln
am_cv_sh_errexit_works=yes

## ----------------- ##
## Output variables. ##
## ----------------- ##

ACLOCAL='perllibdir="/media/OE/poky/meta-ettus/recipes/hello/build/tmp/work/x86_64-linux/automake-native-1.11.2-r2/automake-1.11.2/lib:./lib" "/media/OE/poky/meta-ettus/recipes/hello/build/tmp/work/x86_64-linux/automake-native-1.11.2-r2/automake-1.11.2/aclocal" --acdir=m4 -I m4'
AMTAR='${SHELL} /media/OE/poky/meta-ettus/recipes/hello/build/tmp/work/x86_64-linux/automake-native-1.11.2-r2/automake-1.11.2/lib/missing --run tar'
APIVERSION='1.11'
AUTOCONF='${SHELL} /media/OE/poky/meta-ettus/recipes/hello/build/tmp/work/x86_64-linux/automake-native-1.11.2-r2/automake-1.11.2/lib/missing --run autoconf'
AUTOHEADER='${SHELL} /media/OE/poky/meta-ettus/recipes/hello/build/tmp/work/x86_64-linux/automake-native-1.11.2-r2/automake-1.11.2/lib/missing --run autoheader'
AUTOMAKE='perllibdir="/media/OE/poky/meta-ettus/recipes/hello/build/tmp/work/x86_64-linux/automake-native-1.11.2-r2/automake-1.11.2/lib:./lib" "/media/OE/poky/meta-ettus/recipes/hello/build/tmp/work/x86_64-linux/automake-native-1.11.2-r2/automake-1.11.2/automake" --libdir=lib'
AWK='gawk'
CYGPATH_W='echo'
DEFS='-DPACKAGE_NAME=\"GNU\ Automake\" -DPACKAGE_TARNAME=\"automake\" -DPACKAGE_VERSION=\"1.11.2\" -DPACKAGE_STRING=\"GNU\ Automake\ 1.11.2\" -DPACKAGE_BUGREPORT=\"bug-automake@gnu.org\" -DPACKAGE_URL=\"http://www.gnu.org/software/automake/\" -DPACKAGE=\"automake\" -DVERSION=\"1.11.2\"'
ECHO_C=''
ECHO_N='-n'
ECHO_T=''
EGREP='/bin/grep -E'
FGREP='/bin/grep -F'
GREP='/bin/grep'
HELP2MAN='${SHELL} /media/OE/poky/meta-ettus/recipes/hello/build/tmp/work/x86_64-linux/automake-native-1.11.2-r2/automake-1.11.2/lib/missing --run help2man'
INSTALL_DATA='${INSTALL} -m 644'
INSTALL_PROGRAM='${INSTALL}'
INSTALL_SCRIPT='${INSTALL}'
INSTALL_STRIP_PROGRAM='$(install_sh) -c -s'
LIBOBJS=''
LIBS=''
LN='ln'
LTLIBOBJS=''
MAKEINFO='${SHELL} /media/OE/poky/meta-ettus/recipes/hello/build/tmp/work/x86_64-linux/automake-native-1.11.2-r2/automake-1.11.2/lib/missing --run makeinfo'
MKDIR_P='/bin/mkdir -p'
MODIFICATION_DELAY='2'
PACKAGE='automake'
PACKAGE_BUGREPORT='bug-automake@gnu.org'
PACKAGE_NAME='GNU Automake'
PACKAGE_STRING='GNU Automake 1.11.2'
PACKAGE_TARNAME='automake'
PACKAGE_URL='http://www.gnu.org/software/automake/'
PACKAGE_VERSION='1.11.2'
PATH_SEPARATOR=':'
PERL='/usr/bin/perl'
PERL_THREADS='1'
SET_MAKE=''
SHELL='/bin/sh'
STRIP='strip'
TEX='tex'
VERSION='1.11.2'
am_AUTOCONF='autoconf'
am_AUTOHEADER='autoheader'
am_AUTOM4TE='autom4te'
am_AUTORECONF='autoreconf'
am_AUTOUPDATE='autoupdate'
am__isrc=''
am__leading_dot='.'
am__tar='${AMTAR} chof - "$$tardir"'
am__untar='${AMTAR} xf -'
bindir='/media/OE/poky/meta-ettus/recipes/hello/build/tmp/sysroots/x86_64-linux/usr/bin'
build='x86_64-pc-linux-gnu'
build_alias='x86_64-linux'
build_cpu='x86_64'
build_os='linux-gnu'
build_vendor='pc'
datadir='/media/OE/poky/meta-ettus/recipes/hello/build/tmp/sysroots/x86_64-linux/usr/share'
datarootdir='${prefix}/share'
docdir='${datarootdir}/doc/${PACKAGE_TARNAME}'
dvidir='${docdir}'
exec_prefix='/media/OE/poky/meta-ettus/recipes/hello/build/tmp/sysroots/x86_64-linux/usr'
host_alias='x86_64-linux'
htmldir='${docdir}'
includedir='/media/OE/poky/meta-ettus/recipes/hello/build/tmp/sysroots/x86_64-linux/usr/include'
infodir='/media/OE/poky/meta-ettus/recipes/hello/build/tmp/sysroots/x86_64-linux/usr/share/info'
install_sh='${SHELL} /media/OE/poky/meta-ettus/recipes/hello/build/tmp/work/x86_64-linux/automake-native-1.11.2-r2/automake-1.11.2/lib/install-sh'
libdir='/media/OE/poky/meta-ettus/recipes/hello/build/tmp/sysroots/x86_64-linux/usr/lib'
libexecdir='/media/OE/poky/meta-ettus/recipes/hello/build/tmp/sysroots/x86_64-linux/usr/libexec'
localedir='${datarootdir}/locale'
localstatedir='/media/OE/poky/meta-ettus/recipes/hello/build/tmp/sysroots/x86_64-linux/var'
mandir='/media/OE/poky/meta-ettus/recipes/hello/build/tmp/sysroots/x86_64-linux/usr/share/man'
mkdir_p='/bin/mkdir -p'
oldincludedir='/media/OE/poky/meta-ettus/recipes/hello/build/tmp/sysroots/x86_64-linux/usr/include'
pdfdir='${docdir}'
pkgvdatadir='${datadir}/automake-1.11'
prefix='/media/OE/poky/meta-ettus/recipes/hello/build/tmp/sysroots/x86_64-linux/usr'
program_transform_name='s,x,x,'
psdir='${docdir}'
sbindir='/media/OE/poky/meta-ettus/recipes/hello/build/tmp/sysroots/x86_64-linux/usr/sbin'
sh_errexit_works='yes'
sharedstatedir='/media/OE/poky/meta-ettus/recipes/hello/build/tmp/sysroots/x86_64-linux/com'
sysconfdir='/media/OE/poky/meta-ettus/recipes/hello/build/tmp/sysroots/x86_64-linux/etc'
target_alias='x86_64-linux'

## ----------- ##
## confdefs.h. ##
## ----------- ##

/* confdefs.h */
#define PACKAGE_NAME "GNU Automake"
#define PACKAGE_TARNAME "automake"
#define PACKAGE_VERSION "1.11.2"
#define PACKAGE_STRING "GNU Automake 1.11.2"
#define PACKAGE_BUGREPORT "bug-automake@gnu.org"
#define PACKAGE_URL "http://www.gnu.org/software/automake/"
#define PACKAGE "automake"
#define VERSION "1.11.2"

configure: exit 0
