This file contains any messages produced by compilers while
running configure, to aid debugging if configure makes a mistake.

It was created by configure, which was
generated by GNU Autoconf 2.68.  Invocation command line was

  $ /media/OE/poky/meta-ettus/recipes/hello/build/tmp/work/x86_64-linux/pkgconfig-native-0.25-r3/pkg-config-0.25//configure --build=x86_64-linux --host=x86_64-linux --target=x86_64-linux --prefix=/media/OE/poky/meta-ettus/recipes/hello/build/tmp/sysroots/x86_64-linux/usr --exec_prefix=/media/OE/poky/meta-ettus/recipes/hello/build/tmp/sysroots/x86_64-linux/usr --bindir=/media/OE/poky/meta-ettus/recipes/hello/build/tmp/sysroots/x86_64-linux/usr/bin --sbindir=/media/OE/poky/meta-ettus/recipes/hello/build/tmp/sysroots/x86_64-linux/usr/sbin --libexecdir=/media/OE/poky/meta-ettus/recipes/hello/build/tmp/sysroots/x86_64-linux/usr/libexec --datadir=/media/OE/poky/meta-ettus/recipes/hello/build/tmp/sysroots/x86_64-linux/usr/share --sysconfdir=/media/OE/poky/meta-ettus/recipes/hello/build/tmp/sysroots/x86_64-linux/etc --sharedstatedir=/media/OE/poky/meta-ettus/recipes/hello/build/tmp/sysroots/x86_64-linux/com --localstatedir=/media/OE/poky/meta-ettus/recipes/hello/build/tmp/sysroots/x86_64-linux/var --libdir=/media/OE/poky/meta-ettus/recipes/hello/build/tmp/sysroots/x86_64-linux/usr/lib --includedir=/media/OE/poky/meta-ettus/recipes/hello/build/tmp/sysroots/x86_64-linux/usr/include --oldincludedir=/media/OE/poky/meta-ettus/recipes/hello/build/tmp/sysroots/x86_64-linux/usr/include --infodir=/media/OE/poky/meta-ettus/recipes/hello/build/tmp/sysroots/x86_64-linux/usr/share/info --mandir=/media/OE/poky/meta-ettus/recipes/hello/build/tmp/sysroots/x86_64-linux/usr/share/man --disable-silent-rules --disable-dependency-tracking --disable-legacy-scripts

## --------- ##
## Platform. ##
## --------- ##

hostname = mmoselhy-lptp.egc.mentorg.com
uname -m = x86_64
uname -r = 3.2.10-3.fc16.x86_64
uname -s = Linux
uname -v = #1 SMP Thu Mar 15 19:39:46 UTC 2012

/usr/bin/uname -p = unknown
/bin/uname -X     = unknown

/bin/arch              = x86_64
/usr/bin/arch -k       = unknown
/usr/convex/getsysinfo = unknown
/usr/bin/hostinfo      = unknown
/bin/machine           = unknown
/usr/bin/oslevel       = unknown
/bin/universe          = unknown

PATH: /media/OE/poky/meta-ettus/recipes/hello/build/tmp/sysroots/x86_64-linux/usr/bin/i586-linux
PATH: /media/OE/poky/meta-ettus/recipes/hello/build/tmp/sysroots/x86_64-linux/usr/bin
PATH: /media/OE/poky/meta-ettus/recipes/hello/build/tmp/sysroots/x86_64-linux/usr/sbin
PATH: /media/OE/poky/meta-ettus/recipes/hello/build/tmp/sysroots/x86_64-linux/usr/bin
PATH: /media/OE/poky/meta-ettus/recipes/hello/build/tmp/sysroots/x86_64-linux/sbin
PATH: /media/OE/poky/meta-ettus/recipes/hello/build/tmp/sysroots/x86_64-linux//bin
PATH: /media/OE/poky/scripts/native-intercept
PATH: /media/OE/poky/bitbake/bin/
PATH: /media/OE/poky/scripts
PATH: /media/OE/poky/bitbake/bin/
PATH: /usr/lib64/ccache
PATH: /usr/local/bin
PATH: /usr/bin
PATH: /bin
PATH: /usr/local/sbin
PATH: /usr/sbin
PATH: /sbin
PATH: /home/mmoselhy/.local/bin
PATH: /home/mmoselhy/bin
PATH: /media/OE/poky/scripts


## ----------- ##
## Core tests. ##
## ----------- ##

configure:2298: checking for a BSD-compatible install
configure:2366: result: /usr/bin/install -c
configure:2377: checking whether build environment is sane
configure:2427: result: yes
configure:2568: checking for a thread-safe mkdir -p
configure:2607: result: /bin/mkdir -p
configure:2620: checking for gawk
configure:2636: found /usr/bin/gawk
configure:2647: result: gawk
configure:2658: checking whether make sets $(MAKE)
configure:2680: result: yes
configure:2761: checking whether to enable maintainer-specific portions of Makefiles
configure:2770: result: no
configure:2816: checking build system type
configure:2830: result: x86_64-pc-linux-gnu
configure:2850: checking host system type
configure:2863: result: x86_64-pc-linux-gnu
configure:2904: checking how to print strings
configure:2931: result: printf
configure:2964: checking for style of include used by make
configure:2992: result: GNU
configure:3023: checking for x86_64-linux-gcc
configure:3050: result: ccache gcc
configure:3319: checking for C compiler version
configure:3328: ccache gcc --version >&5
gcc (GCC) 4.6.2 20111027 (Red Hat 4.6.2-1)
Copyright (C) 2011 Free Software Foundation, Inc.
This is free software; see the source for copying conditions.  There is NO
warranty; not even for MERCHANTABILITY or FITNESS FOR A PARTICULAR PURPOSE.

configure:3339: $? = 0
configure:3328: ccache gcc -v >&5
Using built-in specs.
COLLECT_GCC=/usr/bin/gcc
COLLECT_LTO_WRAPPER=/usr/libexec/gcc/x86_64-redhat-linux/4.6.2/lto-wrapper
Target: x86_64-redhat-linux
Configured with: ../configure --prefix=/usr --mandir=/usr/share/man --infodir=/usr/share/info --with-bugurl=http://bugzilla.redhat.com/bugzilla --enable-bootstrap --enable-shared --enable-threads=posix --enable-checking=release --with-system-zlib --enable-__cxa_atexit --disable-libunwind-exceptions --enable-gnu-unique-object --enable-linker-build-id --enable-languages=c,c++,objc,obj-c++,java,fortran,ada,go,lto --enable-plugin --enable-java-awt=gtk --disable-dssi --with-java-home=/usr/lib/jvm/java-1.5.0-gcj-1.5.0.0/jre --enable-libgcj-multifile --enable-java-maintainer-mode --with-ecj-jar=/usr/share/java/eclipse-ecj.jar --disable-libjava-multilib --with-ppl --with-cloog --with-tune=generic --with-arch_32=i686 --build=x86_64-redhat-linux
Thread model: posix
gcc version 4.6.2 20111027 (Red Hat 4.6.2-1) (GCC) 
configure:3339: $? = 0
configure:3328: ccache gcc -V >&5
gcc: error: unrecognized option '-V'
gcc: fatal error: no input files
compilation terminated.
configure:3339: $? = 4
configure:3328: ccache gcc -qversion >&5
gcc: error: unrecognized option '-qversion'
gcc: fatal error: no input files
compilation terminated.
configure:3339: $? = 4
configure:3359: checking whether the C compiler works
configure:3381: ccache gcc -isystem/media/OE/poky/meta-ettus/recipes/hello/build/tmp/sysroots/x86_64-linux/usr/include -O2 -pipe -isystem/media/OE/poky/meta-ettus/recipes/hello/build/tmp/sysroots/x86_64-linux/usr/include -L/media/OE/poky/meta-ettus/recipes/hello/build/tmp/sysroots/x86_64-linux/usr/lib -L/media/OE/poky/meta-ettus/recipes/hello/build/tmp/sysroots/x86_64-linux/lib -Wl,-rpath-link,/media/OE/poky/meta-ettus/recipes/hello/build/tmp/sysroots/x86_64-linux/usr/lib -Wl,-rpath-link,/media/OE/poky/meta-ettus/recipes/hello/build/tmp/sysroots/x86_64-linux/lib -Wl,-rpath,/media/OE/poky/meta-ettus/recipes/hello/build/tmp/sysroots/x86_64-linux/usr/lib -Wl,-rpath,/media/OE/poky/meta-ettus/recipes/hello/build/tmp/sysroots/x86_64-linux/lib -Wl,-O1 conftest.c  >&5
configure:3385: $? = 0
configure:3433: result: yes
configure:3436: checking for C compiler default output file name
configure:3438: result: a.out
configure:3444: checking for suffix of executables
configure:3451: ccache gcc -o conftest -isystem/media/OE/poky/meta-ettus/recipes/hello/build/tmp/sysroots/x86_64-linux/usr/include -O2 -pipe -isystem/media/OE/poky/meta-ettus/recipes/hello/build/tmp/sysroots/x86_64-linux/usr/include -L/media/OE/poky/meta-ettus/recipes/hello/build/tmp/sysroots/x86_64-linux/usr/lib -L/media/OE/poky/meta-ettus/recipes/hello/build/tmp/sysroots/x86_64-linux/lib -Wl,-rpath-link,/media/OE/poky/meta-ettus/recipes/hello/build/tmp/sysroots/x86_64-linux/usr/lib -Wl,-rpath-link,/media/OE/poky/meta-ettus/recipes/hello/build/tmp/sysroots/x86_64-linux/lib -Wl,-rpath,/media/OE/poky/meta-ettus/recipes/hello/build/tmp/sysroots/x86_64-linux/usr/lib -Wl,-rpath,/media/OE/poky/meta-ettus/recipes/hello/build/tmp/sysroots/x86_64-linux/lib -Wl,-O1 conftest.c  >&5
configure:3455: $? = 0
configure:3477: result: 
configure:3499: checking whether we are cross compiling
configure:3507: ccache gcc -o conftest -isystem/media/OE/poky/meta-ettus/recipes/hello/build/tmp/sysroots/x86_64-linux/usr/include -O2 -pipe -isystem/media/OE/poky/meta-ettus/recipes/hello/build/tmp/sysroots/x86_64-linux/usr/include -L/media/OE/poky/meta-ettus/recipes/hello/build/tmp/sysroots/x86_64-linux/usr/lib -L/media/OE/poky/meta-ettus/recipes/hello/build/tmp/sysroots/x86_64-linux/lib -Wl,-rpath-link,/media/OE/poky/meta-ettus/recipes/hello/build/tmp/sysroots/x86_64-linux/usr/lib -Wl,-rpath-link,/media/OE/poky/meta-ettus/recipes/hello/build/tmp/sysroots/x86_64-linux/lib -Wl,-rpath,/media/OE/poky/meta-ettus/recipes/hello/build/tmp/sysroots/x86_64-linux/usr/lib -Wl,-rpath,/media/OE/poky/meta-ettus/recipes/hello/build/tmp/sysroots/x86_64-linux/lib -Wl,-O1 conftest.c  >&5
configure:3511: $? = 0
configure:3518: ./conftest
configure:3522: $? = 0
configure:3537: result: no
configure:3542: checking for suffix of object files
configure:3564: ccache gcc -c -isystem/media/OE/poky/meta-ettus/recipes/hello/build/tmp/sysroots/x86_64-linux/usr/include -O2 -pipe -isystem/media/OE/poky/meta-ettus/recipes/hello/build/tmp/sysroots/x86_64-linux/usr/include conftest.c >&5
configure:3568: $? = 0
configure:3589: result: o
configure:3593: checking whether we are using the GNU C compiler
configure:3612: ccache gcc -c -isystem/media/OE/poky/meta-ettus/recipes/hello/build/tmp/sysroots/x86_64-linux/usr/include -O2 -pipe -isystem/media/OE/poky/meta-ettus/recipes/hello/build/tmp/sysroots/x86_64-linux/usr/include conftest.c >&5
configure:3612: $? = 0
configure:3621: result: yes
configure:3630: checking whether ccache gcc accepts -g
configure:3650: ccache gcc -c -g -isystem/media/OE/poky/meta-ettus/recipes/hello/build/tmp/sysroots/x86_64-linux/usr/include conftest.c >&5
configure:3650: $? = 0
configure:3691: result: yes
configure:3708: checking for ccache gcc option to accept ISO C89
configure:3772: ccache gcc  -c -isystem/media/OE/poky/meta-ettus/recipes/hello/build/tmp/sysroots/x86_64-linux/usr/include -O2 -pipe -isystem/media/OE/poky/meta-ettus/recipes/hello/build/tmp/sysroots/x86_64-linux/usr/include conftest.c >&5
configure:3772: $? = 0
configure:3785: result: none needed
configure:3807: checking dependency style of ccache gcc
configure:3918: result: none
configure:3933: checking for a sed that does not truncate output
configure:3997: result: /bin/sed
configure:4015: checking for grep that handles long lines and -e
configure:4073: result: /bin/grep
configure:4078: checking for egrep
configure:4140: result: /bin/grep -E
configure:4145: checking for fgrep
configure:4207: result: /bin/grep -F
configure:4242: checking for ld used by ccache gcc
configure:4309: result: ld
configure:4316: checking if the linker (ld) is GNU ld
configure:4331: result: yes
configure:4343: checking for BSD- or MS-compatible name lister (nm)
configure:4392: result: nm
configure:4522: checking the name lister (nm) interface
configure:4529: ccache gcc -c -isystem/media/OE/poky/meta-ettus/recipes/hello/build/tmp/sysroots/x86_64-linux/usr/include -O2 -pipe -isystem/media/OE/poky/meta-ettus/recipes/hello/build/tmp/sysroots/x86_64-linux/usr/include conftest.c >&5
configure:4532: nm "conftest.o"
configure:4535: output
0000000000000000 B some_variable
configure:4542: result: BSD nm
configure:4545: checking whether ln -s works
configure:4549: result: yes
configure:4557: checking the maximum length of command line arguments
configure:4687: result: 1572864
configure:4704: checking whether the shell understands some XSI constructs
configure:4714: result: yes
configure:4718: checking whether the shell understands "+="
configure:4724: result: yes
configure:4759: checking how to convert x86_64-pc-linux-gnu file names to x86_64-pc-linux-gnu format
configure:4799: result: func_convert_file_noop
configure:4806: checking how to convert x86_64-pc-linux-gnu file names to toolchain format
configure:4826: result: func_convert_file_noop
configure:4833: checking for ld option to reload object files
configure:4840: result: -r
configure:4874: checking for x86_64-linux-objdump
configure:4901: result: objdump
configure:4973: checking how to recognize dependent libraries
configure:5175: result: pass_all
configure:5220: checking for x86_64-linux-dlltool
configure:5250: result: no
configure:5260: checking for dlltool
configure:5290: result: no
configure:5320: checking how to associate runtime and link libraries
configure:5347: result: printf %s\n
configure:5364: checking for x86_64-linux-ar
configure:5391: result: ar
configure:5472: checking for archiver @FILE support
configure:5489: ccache gcc -c -isystem/media/OE/poky/meta-ettus/recipes/hello/build/tmp/sysroots/x86_64-linux/usr/include -O2 -pipe -isystem/media/OE/poky/meta-ettus/recipes/hello/build/tmp/sysroots/x86_64-linux/usr/include conftest.c >&5
configure:5489: $? = 0
configure:5492: ar cru libconftest.a @conftest.lst >&5
configure:5495: $? = 0
configure:5500: ar cru libconftest.a @conftest.lst >&5
ar: conftest.o: No such file or directory
configure:5503: $? = 1
configure:5515: result: @
configure:5533: checking for x86_64-linux-strip
configure:5560: result: strip
configure:5632: checking for x86_64-linux-ranlib
configure:5659: result: ranlib
configure:5801: checking command to parse nm output from ccache gcc object
configure:5921: ccache gcc -c -isystem/media/OE/poky/meta-ettus/recipes/hello/build/tmp/sysroots/x86_64-linux/usr/include -O2 -pipe -isystem/media/OE/poky/meta-ettus/recipes/hello/build/tmp/sysroots/x86_64-linux/usr/include conftest.c >&5
configure:5924: $? = 0
configure:5928: nm conftest.o \| sed -n -e 's/^.*[ ]\([ABCDGIRSTW][ABCDGIRSTW]*\)[ ][ ]*\([_A-Za-z][_A-Za-z0-9]*\)$/\1 \2 \2/p' | sed '/ __gnu_lto/d' \> conftest.nm
configure:5931: $? = 0
configure:5997: ccache gcc -o conftest -isystem/media/OE/poky/meta-ettus/recipes/hello/build/tmp/sysroots/x86_64-linux/usr/include -O2 -pipe -isystem/media/OE/poky/meta-ettus/recipes/hello/build/tmp/sysroots/x86_64-linux/usr/include -L/media/OE/poky/meta-ettus/recipes/hello/build/tmp/sysroots/x86_64-linux/usr/lib -L/media/OE/poky/meta-ettus/recipes/hello/build/tmp/sysroots/x86_64-linux/lib -Wl,-rpath-link,/media/OE/poky/meta-ettus/recipes/hello/build/tmp/sysroots/x86_64-linux/usr/lib -Wl,-rpath-link,/media/OE/poky/meta-ettus/recipes/hello/build/tmp/sysroots/x86_64-linux/lib -Wl,-rpath,/media/OE/poky/meta-ettus/recipes/hello/build/tmp/sysroots/x86_64-linux/usr/lib -Wl,-rpath,/media/OE/poky/meta-ettus/recipes/hello/build/tmp/sysroots/x86_64-linux/lib -Wl,-O1 conftest.c conftstm.o >&5
configure:6000: $? = 0
configure:6038: result: ok
configure:6075: checking for sysroot
configure:6105: result: no
configure:6182: ccache gcc -c -isystem/media/OE/poky/meta-ettus/recipes/hello/build/tmp/sysroots/x86_64-linux/usr/include -O2 -pipe -isystem/media/OE/poky/meta-ettus/recipes/hello/build/tmp/sysroots/x86_64-linux/usr/include conftest.c >&5
configure:6185: $? = 0
configure:6321: checking for x86_64-linux-mt
configure:6351: result: no
configure:6361: checking for mt
configure:6391: result: no
configure:6411: checking if : is a manifest tool
configure:6417: : '-?'
configure:6425: result: no
configure:7067: checking how to run the C preprocessor
configure:7137: result: gcc  -E
configure:7157: gcc  -E -isystem/media/OE/poky/meta-ettus/recipes/hello/build/tmp/sysroots/x86_64-linux/usr/include conftest.c
configure:7157: $? = 0
configure:7171: gcc  -E -isystem/media/OE/poky/meta-ettus/recipes/hello/build/tmp/sysroots/x86_64-linux/usr/include conftest.c
conftest.c:11:28: fatal error: ac_nonexistent.h: No such file or directory
compilation terminated.
configure:7171: $? = 1
configure: failed program was:
| /* confdefs.h */
| #define PACKAGE_NAME ""
| #define PACKAGE_TARNAME ""
| #define PACKAGE_VERSION ""
| #define PACKAGE_STRING ""
| #define PACKAGE_BUGREPORT ""
| #define PACKAGE_URL ""
| #define PACKAGE "pkg-config"
| #define VERSION "0.25"
| /* end confdefs.h.  */
| #include <ac_nonexistent.h>
configure:7200: checking for ANSI C header files
configure:7220: ccache gcc -c -isystem/media/OE/poky/meta-ettus/recipes/hello/build/tmp/sysroots/x86_64-linux/usr/include -O2 -pipe -isystem/media/OE/poky/meta-ettus/recipes/hello/build/tmp/sysroots/x86_64-linux/usr/include conftest.c >&5
configure:7220: $? = 0
configure:7293: ccache gcc -o conftest -isystem/media/OE/poky/meta-ettus/recipes/hello/build/tmp/sysroots/x86_64-linux/usr/include -O2 -pipe -isystem/media/OE/poky/meta-ettus/recipes/hello/build/tmp/sysroots/x86_64-linux/usr/include -L/media/OE/poky/meta-ettus/recipes/hello/build/tmp/sysroots/x86_64-linux/usr/lib -L/media/OE/poky/meta-ettus/recipes/hello/build/tmp/sysroots/x86_64-linux/lib -Wl,-rpath-link,/media/OE/poky/meta-ettus/recipes/hello/build/tmp/sysroots/x86_64-linux/usr/lib -Wl,-rpath-link,/media/OE/poky/meta-ettus/recipes/hello/build/tmp/sysroots/x86_64-linux/lib -Wl,-rpath,/media/OE/poky/meta-ettus/recipes/hello/build/tmp/sysroots/x86_64-linux/usr/lib -Wl,-rpath,/media/OE/poky/meta-ettus/recipes/hello/build/tmp/sysroots/x86_64-linux/lib -Wl,-O1 conftest.c  >&5
configure:7293: $? = 0
configure:7293: ./conftest
configure:7293: $? = 0
configure:7304: result: yes
configure:7317: checking for sys/types.h
configure:7317: ccache gcc -c -isystem/media/OE/poky/meta-ettus/recipes/hello/build/tmp/sysroots/x86_64-linux/usr/include -O2 -pipe -isystem/media/OE/poky/meta-ettus/recipes/hello/build/tmp/sysroots/x86_64-linux/usr/include conftest.c >&5
configure:7317: $? = 0
configure:7317: result: yes
configure:7317: checking for sys/stat.h
configure:7317: ccache gcc -c -isystem/media/OE/poky/meta-ettus/recipes/hello/build/tmp/sysroots/x86_64-linux/usr/include -O2 -pipe -isystem/media/OE/poky/meta-ettus/recipes/hello/build/tmp/sysroots/x86_64-linux/usr/include conftest.c >&5
configure:7317: $? = 0
configure:7317: result: yes
configure:7317: checking for stdlib.h
configure:7317: ccache gcc -c -isystem/media/OE/poky/meta-ettus/recipes/hello/build/tmp/sysroots/x86_64-linux/usr/include -O2 -pipe -isystem/media/OE/poky/meta-ettus/recipes/hello/build/tmp/sysroots/x86_64-linux/usr/include conftest.c >&5
configure:7317: $? = 0
configure:7317: result: yes
configure:7317: checking for string.h
configure:7317: ccache gcc -c -isystem/media/OE/poky/meta-ettus/recipes/hello/build/tmp/sysroots/x86_64-linux/usr/include -O2 -pipe -isystem/media/OE/poky/meta-ettus/recipes/hello/build/tmp/sysroots/x86_64-linux/usr/include conftest.c >&5
configure:7317: $? = 0
configure:7317: result: yes
configure:7317: checking for memory.h
configure:7317: ccache gcc -c -isystem/media/OE/poky/meta-ettus/recipes/hello/build/tmp/sysroots/x86_64-linux/usr/include -O2 -pipe -isystem/media/OE/poky/meta-ettus/recipes/hello/build/tmp/sysroots/x86_64-linux/usr/include conftest.c >&5
configure:7317: $? = 0
configure:7317: result: yes
configure:7317: checking for strings.h
configure:7317: ccache gcc -c -isystem/media/OE/poky/meta-ettus/recipes/hello/build/tmp/sysroots/x86_64-linux/usr/include -O2 -pipe -isystem/media/OE/poky/meta-ettus/recipes/hello/build/tmp/sysroots/x86_64-linux/usr/include conftest.c >&5
configure:7317: $? = 0
configure:7317: result: yes
configure:7317: checking for inttypes.h
configure:7317: ccache gcc -c -isystem/media/OE/poky/meta-ettus/recipes/hello/build/tmp/sysroots/x86_64-linux/usr/include -O2 -pipe -isystem/media/OE/poky/meta-ettus/recipes/hello/build/tmp/sysroots/x86_64-linux/usr/include conftest.c >&5
configure:7317: $? = 0
configure:7317: result: yes
configure:7317: checking for stdint.h
configure:7317: ccache gcc -c -isystem/media/OE/poky/meta-ettus/recipes/hello/build/tmp/sysroots/x86_64-linux/usr/include -O2 -pipe -isystem/media/OE/poky/meta-ettus/recipes/hello/build/tmp/sysroots/x86_64-linux/usr/include conftest.c >&5
configure:7317: $? = 0
configure:7317: result: yes
configure:7317: checking for unistd.h
configure:7317: ccache gcc -c -isystem/media/OE/poky/meta-ettus/recipes/hello/build/tmp/sysroots/x86_64-linux/usr/include -O2 -pipe -isystem/media/OE/poky/meta-ettus/recipes/hello/build/tmp/sysroots/x86_64-linux/usr/include conftest.c >&5
configure:7317: $? = 0
configure:7317: result: yes
configure:7331: checking for dlfcn.h
configure:7331: ccache gcc -c -isystem/media/OE/poky/meta-ettus/recipes/hello/build/tmp/sysroots/x86_64-linux/usr/include -O2 -pipe -isystem/media/OE/poky/meta-ettus/recipes/hello/build/tmp/sysroots/x86_64-linux/usr/include conftest.c >&5
configure:7331: $? = 0
configure:7331: result: yes
configure:7538: checking for objdir
configure:7553: result: .libs
configure:7820: checking if ccache gcc supports -fno-rtti -fno-exceptions
configure:7838: ccache gcc -c -isystem/media/OE/poky/meta-ettus/recipes/hello/build/tmp/sysroots/x86_64-linux/usr/include -O2 -pipe -isystem/media/OE/poky/meta-ettus/recipes/hello/build/tmp/sysroots/x86_64-linux/usr/include -fno-rtti -fno-exceptions conftest.c >&5
cc1: warning: command line option '-fno-rtti' is valid for C++/ObjC++ but not for C [enabled by default]
cc1: warning: command line option '-fno-rtti' is valid for C++/ObjC++ but not for C [enabled by default]
configure:7842: $? = 0
configure:7855: result: no
configure:8182: checking for ccache gcc option to produce PIC
configure:8189: result: -fPIC -DPIC
configure:8197: checking if ccache gcc PIC flag -fPIC -DPIC works
configure:8215: ccache gcc -c -isystem/media/OE/poky/meta-ettus/recipes/hello/build/tmp/sysroots/x86_64-linux/usr/include -O2 -pipe -isystem/media/OE/poky/meta-ettus/recipes/hello/build/tmp/sysroots/x86_64-linux/usr/include -fPIC -DPIC -DPIC conftest.c >&5
configure:8219: $? = 0
configure:8232: result: yes
configure:8261: checking if ccache gcc static flag -static works
configure:8289: result: yes
configure:8304: checking if ccache gcc supports -c -o file.o
configure:8325: ccache gcc -c -isystem/media/OE/poky/meta-ettus/recipes/hello/build/tmp/sysroots/x86_64-linux/usr/include -O2 -pipe -isystem/media/OE/poky/meta-ettus/recipes/hello/build/tmp/sysroots/x86_64-linux/usr/include -o out/conftest2.o conftest.c >&5
configure:8329: $? = 0
configure:8351: result: yes
configure:8359: checking if ccache gcc supports -c -o file.o
configure:8406: result: yes
configure:8439: checking whether the ccache gcc linker (ld -m elf_x86_64) supports shared libraries
configure:9592: result: yes
configure:9629: checking whether -lc should be explicitly linked in
configure:9637: ccache gcc -c -isystem/media/OE/poky/meta-ettus/recipes/hello/build/tmp/sysroots/x86_64-linux/usr/include -O2 -pipe -isystem/media/OE/poky/meta-ettus/recipes/hello/build/tmp/sysroots/x86_64-linux/usr/include conftest.c >&5
configure:9640: $? = 0
configure:9655: ccache gcc -shared  -fPIC -DPIC conftest.o  -v -Wl,-soname -Wl,conftest -o conftest 2\>\&1 \| /bin/grep  -lc  \>/dev/null 2\>\&1
configure:9658: $? = 0
configure:9672: result: no
configure:9832: checking dynamic linker characteristics
configure:10343: ccache gcc -o conftest -isystem/media/OE/poky/meta-ettus/recipes/hello/build/tmp/sysroots/x86_64-linux/usr/include -O2 -pipe -isystem/media/OE/poky/meta-ettus/recipes/hello/build/tmp/sysroots/x86_64-linux/usr/include -L/media/OE/poky/meta-ettus/recipes/hello/build/tmp/sysroots/x86_64-linux/usr/lib -L/media/OE/poky/meta-ettus/recipes/hello/build/tmp/sysroots/x86_64-linux/lib -Wl,-rpath-link,/media/OE/poky/meta-ettus/recipes/hello/build/tmp/sysroots/x86_64-linux/usr/lib -Wl,-rpath-link,/media/OE/poky/meta-ettus/recipes/hello/build/tmp/sysroots/x86_64-linux/lib -Wl,-rpath,/media/OE/poky/meta-ettus/recipes/hello/build/tmp/sysroots/x86_64-linux/usr/lib -Wl,-rpath,/media/OE/poky/meta-ettus/recipes/hello/build/tmp/sysroots/x86_64-linux/lib -Wl,-O1 -Wl,-rpath -Wl,/foo conftest.c  >&5
configure:10343: $? = 0
configure:10565: result: GNU/Linux ld.so
configure:10672: checking how to hardcode library paths into programs
configure:10697: result: immediate
configure:11237: checking whether stripping libraries is possible
configure:11242: result: yes
configure:11277: checking if libtool supports shared libraries
configure:11279: result: yes
configure:11282: checking whether to build shared libraries
configure:11303: result: yes
configure:11306: checking whether to build static libraries
configure:11310: result: yes
configure:11356: checking for x86_64-linux-gcc
configure:11383: result: ccache gcc
configure:11652: checking for C compiler version
configure:11661: ccache gcc --version >&5
gcc (GCC) 4.6.2 20111027 (Red Hat 4.6.2-1)
Copyright (C) 2011 Free Software Foundation, Inc.
This is free software; see the source for copying conditions.  There is NO
warranty; not even for MERCHANTABILITY or FITNESS FOR A PARTICULAR PURPOSE.

configure:11672: $? = 0
configure:11661: ccache gcc -v >&5
Using built-in specs.
COLLECT_GCC=/usr/bin/gcc
COLLECT_LTO_WRAPPER=/usr/libexec/gcc/x86_64-redhat-linux/4.6.2/lto-wrapper
Target: x86_64-redhat-linux
Configured with: ../configure --prefix=/usr --mandir=/usr/share/man --infodir=/usr/share/info --with-bugurl=http://bugzilla.redhat.com/bugzilla --enable-bootstrap --enable-shared --enable-threads=posix --enable-checking=release --with-system-zlib --enable-__cxa_atexit --disable-libunwind-exceptions --enable-gnu-unique-object --enable-linker-build-id --enable-languages=c,c++,objc,obj-c++,java,fortran,ada,go,lto --enable-plugin --enable-java-awt=gtk --disable-dssi --with-java-home=/usr/lib/jvm/java-1.5.0-gcj-1.5.0.0/jre --enable-libgcj-multifile --enable-java-maintainer-mode --with-ecj-jar=/usr/share/java/eclipse-ecj.jar --disable-libjava-multilib --with-ppl --with-cloog --with-tune=generic --with-arch_32=i686 --build=x86_64-redhat-linux
Thread model: posix
gcc version 4.6.2 20111027 (Red Hat 4.6.2-1) (GCC) 
configure:11672: $? = 0
configure:11661: ccache gcc -V >&5
gcc: error: unrecognized option '-V'
gcc: fatal error: no input files
compilation terminated.
configure:11672: $? = 4
configure:11661: ccache gcc -qversion >&5
gcc: error: unrecognized option '-qversion'
gcc: fatal error: no input files
compilation terminated.
configure:11672: $? = 4
configure:11676: checking whether we are using the GNU C compiler
configure:11704: result: yes
configure:11713: checking whether ccache gcc accepts -g
configure:11774: result: yes
configure:11791: checking for ccache gcc option to accept ISO C89
configure:11868: result: none needed
configure:11890: checking dependency style of ccache gcc
configure:12001: result: none
configure:12020: checking for default search path for .pc files
configure:12038: result: ${libdir}/pkgconfig:${datadir}/pkgconfig
use_indirect_deps=auto
configure:12059: checking whether to list both direct and indirect dependencies
configure:12077: result: no
configure:12097: checking for Win32
configure:12107: result: no
configure:12304: checking for size_t
configure:12304: ccache gcc -c -isystem/media/OE/poky/meta-ettus/recipes/hello/build/tmp/sysroots/x86_64-linux/usr/include -O2 -pipe -isystem/media/OE/poky/meta-ettus/recipes/hello/build/tmp/sysroots/x86_64-linux/usr/include conftest.c >&5
configure:12304: $? = 0
configure:12304: ccache gcc -c -isystem/media/OE/poky/meta-ettus/recipes/hello/build/tmp/sysroots/x86_64-linux/usr/include -O2 -pipe -isystem/media/OE/poky/meta-ettus/recipes/hello/build/tmp/sysroots/x86_64-linux/usr/include conftest.c >&5
conftest.c: In function 'main':
conftest.c:61:21: error: expected expression before ')' token
configure:12304: $? = 1
configure: failed program was:
| /* confdefs.h */
| #define PACKAGE_NAME ""
| #define PACKAGE_TARNAME ""
| #define PACKAGE_VERSION ""
| #define PACKAGE_STRING ""
| #define PACKAGE_BUGREPORT ""
| #define PACKAGE_URL ""
| #define PACKAGE "pkg-config"
| #define VERSION "0.25"
| #define STDC_HEADERS 1
| #define HAVE_SYS_TYPES_H 1
| #define HAVE_SYS_STAT_H 1
| #define HAVE_STDLIB_H 1
| #define HAVE_STRING_H 1
| #define HAVE_MEMORY_H 1
| #define HAVE_STRINGS_H 1
| #define HAVE_INTTYPES_H 1
| #define HAVE_STDINT_H 1
| #define HAVE_UNISTD_H 1
| #define HAVE_DLFCN_H 1
| #define LT_OBJDIR ".libs/"
| #define ENABLE_INDIRECT_DEPS 0
| #define NO_LEGACY_SCRIPTS 1
| /* end confdefs.h.  */
| #include <stdio.h>
| #ifdef HAVE_SYS_TYPES_H
| # include <sys/types.h>
| #endif
| #ifdef HAVE_SYS_STAT_H
| # include <sys/stat.h>
| #endif
| #ifdef STDC_HEADERS
| # include <stdlib.h>
| # include <stddef.h>
| #else
| # ifdef HAVE_STDLIB_H
| #  include <stdlib.h>
| # endif
| #endif
| #ifdef HAVE_STRING_H
| # if !defined STDC_HEADERS && defined HAVE_MEMORY_H
| #  include <memory.h>
| # endif
| # include <string.h>
| #endif
| #ifdef HAVE_STRINGS_H
| # include <strings.h>
| #endif
| #ifdef HAVE_INTTYPES_H
| # include <inttypes.h>
| #endif
| #ifdef HAVE_STDINT_H
| # include <stdint.h>
| #endif
| #ifdef HAVE_UNISTD_H
| # include <unistd.h>
| #endif
| int
| main ()
| {
| if (sizeof ((size_t)))
| 	    return 0;
|   ;
|   return 0;
| }
configure:12304: result: yes
configure:12317: checking for working alloca.h
configure:12334: ccache gcc -o conftest -isystem/media/OE/poky/meta-ettus/recipes/hello/build/tmp/sysroots/x86_64-linux/usr/include -O2 -pipe -isystem/media/OE/poky/meta-ettus/recipes/hello/build/tmp/sysroots/x86_64-linux/usr/include -L/media/OE/poky/meta-ettus/recipes/hello/build/tmp/sysroots/x86_64-linux/usr/lib -L/media/OE/poky/meta-ettus/recipes/hello/build/tmp/sysroots/x86_64-linux/lib -Wl,-rpath-link,/media/OE/poky/meta-ettus/recipes/hello/build/tmp/sysroots/x86_64-linux/usr/lib -Wl,-rpath-link,/media/OE/poky/meta-ettus/recipes/hello/build/tmp/sysroots/x86_64-linux/lib -Wl,-rpath,/media/OE/poky/meta-ettus/recipes/hello/build/tmp/sysroots/x86_64-linux/usr/lib -Wl,-rpath,/media/OE/poky/meta-ettus/recipes/hello/build/tmp/sysroots/x86_64-linux/lib -Wl,-O1 conftest.c  >&5
configure:12334: $? = 0
configure:12342: result: yes
configure:12350: checking for alloca
configure:12387: ccache gcc -o conftest -isystem/media/OE/poky/meta-ettus/recipes/hello/build/tmp/sysroots/x86_64-linux/usr/include -O2 -pipe -isystem/media/OE/poky/meta-ettus/recipes/hello/build/tmp/sysroots/x86_64-linux/usr/include -L/media/OE/poky/meta-ettus/recipes/hello/build/tmp/sysroots/x86_64-linux/usr/lib -L/media/OE/poky/meta-ettus/recipes/hello/build/tmp/sysroots/x86_64-linux/lib -Wl,-rpath-link,/media/OE/poky/meta-ettus/recipes/hello/build/tmp/sysroots/x86_64-linux/usr/lib -Wl,-rpath-link,/media/OE/poky/meta-ettus/recipes/hello/build/tmp/sysroots/x86_64-linux/lib -Wl,-rpath,/media/OE/poky/meta-ettus/recipes/hello/build/tmp/sysroots/x86_64-linux/usr/lib -Wl,-rpath,/media/OE/poky/meta-ettus/recipes/hello/build/tmp/sysroots/x86_64-linux/lib -Wl,-O1 conftest.c  >&5
configure:12387: $? = 0
configure:12395: result: yes
configure:12508: checking for setresuid
configure:12508: ccache gcc -o conftest -isystem/media/OE/poky/meta-ettus/recipes/hello/build/tmp/sysroots/x86_64-linux/usr/include -O2 -pipe -isystem/media/OE/poky/meta-ettus/recipes/hello/build/tmp/sysroots/x86_64-linux/usr/include -L/media/OE/poky/meta-ettus/recipes/hello/build/tmp/sysroots/x86_64-linux/usr/lib -L/media/OE/poky/meta-ettus/recipes/hello/build/tmp/sysroots/x86_64-linux/lib -Wl,-rpath-link,/media/OE/poky/meta-ettus/recipes/hello/build/tmp/sysroots/x86_64-linux/usr/lib -Wl,-rpath-link,/media/OE/poky/meta-ettus/recipes/hello/build/tmp/sysroots/x86_64-linux/lib -Wl,-rpath,/media/OE/poky/meta-ettus/recipes/hello/build/tmp/sysroots/x86_64-linux/usr/lib -Wl,-rpath,/media/OE/poky/meta-ettus/recipes/hello/build/tmp/sysroots/x86_64-linux/lib -Wl,-O1 conftest.c  >&5
configure:12508: $? = 0
configure:12508: result: yes
configure:12520: checking dirent.h usability
configure:12520: ccache gcc -c -isystem/media/OE/poky/meta-ettus/recipes/hello/build/tmp/sysroots/x86_64-linux/usr/include -O2 -pipe -isystem/media/OE/poky/meta-ettus/recipes/hello/build/tmp/sysroots/x86_64-linux/usr/include conftest.c >&5
configure:12520: $? = 0
configure:12520: result: yes
configure:12520: checking dirent.h presence
configure:12520: gcc  -E -isystem/media/OE/poky/meta-ettus/recipes/hello/build/tmp/sysroots/x86_64-linux/usr/include conftest.c
configure:12520: $? = 0
configure:12520: result: yes
configure:12520: checking for dirent.h
configure:12520: result: yes
configure:12520: checking for unistd.h
configure:12520: result: yes
configure:12520: checking sys/wait.h usability
configure:12520: ccache gcc -c -isystem/media/OE/poky/meta-ettus/recipes/hello/build/tmp/sysroots/x86_64-linux/usr/include -O2 -pipe -isystem/media/OE/poky/meta-ettus/recipes/hello/build/tmp/sysroots/x86_64-linux/usr/include conftest.c >&5
configure:12520: $? = 0
configure:12520: result: yes
configure:12520: checking sys/wait.h presence
configure:12520: gcc  -E -isystem/media/OE/poky/meta-ettus/recipes/hello/build/tmp/sysroots/x86_64-linux/usr/include conftest.c
configure:12520: $? = 0
configure:12520: result: yes
configure:12520: checking for sys/wait.h
configure:12520: result: yes
configure:12520: checking malloc.h usability
configure:12520: ccache gcc -c -isystem/media/OE/poky/meta-ettus/recipes/hello/build/tmp/sysroots/x86_64-linux/usr/include -O2 -pipe -isystem/media/OE/poky/meta-ettus/recipes/hello/build/tmp/sysroots/x86_64-linux/usr/include conftest.c >&5
configure:12520: $? = 0
configure:12520: result: yes
configure:12520: checking malloc.h presence
configure:12520: gcc  -E -isystem/media/OE/poky/meta-ettus/recipes/hello/build/tmp/sysroots/x86_64-linux/usr/include conftest.c
configure:12520: $? = 0
configure:12520: result: yes
configure:12520: checking for malloc.h
configure:12520: result: yes
configure:12683: creating ./config.status

## ---------------------- ##
## Running config.status. ##
## ---------------------- ##

This file was extended by config.status, which was
generated by GNU Autoconf 2.68.  Invocation command line was

  CONFIG_FILES    = 
  CONFIG_HEADERS  = 
  CONFIG_LINKS    = 
  CONFIG_COMMANDS = 
  $ ./config.status 

on mmoselhy-lptp.egc.mentorg.com

config.status:1121: creating Makefile
config.status:1121: creating popt/Makefile
config.status:1121: creating check/Makefile
config.status:1121: creating check/config.sh
config.status:1121: creating config.h
config.status:1350: executing depfiles commands
config.status:1350: executing libtool commands
configure:14990: === configuring in glib-1.2.10 (/media/OE/poky/meta-ettus/recipes/hello/build/tmp/work/x86_64-linux/pkgconfig-native-0.25-r3/pkg-config-0.25/glib-1.2.10)
configure:15053: running /bin/sh ./configure --disable-option-checking '--prefix=/media/OE/poky/meta-ettus/recipes/hello/build/tmp/sysroots/x86_64-linux/usr'  '--build=x86_64-linux' '--host=x86_64-linux' '--target=x86_64-linux' '--exec_prefix=/media/OE/poky/meta-ettus/recipes/hello/build/tmp/sysroots/x86_64-linux/usr' '--bindir=/media/OE/poky/meta-ettus/recipes/hello/build/tmp/sysroots/x86_64-linux/usr/bin' '--sbindir=/media/OE/poky/meta-ettus/recipes/hello/build/tmp/sysroots/x86_64-linux/usr/sbin' '--libexecdir=/media/OE/poky/meta-ettus/recipes/hello/build/tmp/sysroots/x86_64-linux/usr/libexec' '--datadir=/media/OE/poky/meta-ettus/recipes/hello/build/tmp/sysroots/x86_64-linux/usr/share' '--sysconfdir=/media/OE/poky/meta-ettus/recipes/hello/build/tmp/sysroots/x86_64-linux/etc' '--sharedstatedir=/media/OE/poky/meta-ettus/recipes/hello/build/tmp/sysroots/x86_64-linux/com' '--localstatedir=/media/OE/poky/meta-ettus/recipes/hello/build/tmp/sysroots/x86_64-linux/var' '--libdir=/media/OE/poky/meta-ettus/recipes/hello/build/tmp/sysroots/x86_64-linux/usr/lib' '--includedir=/media/OE/poky/meta-ettus/recipes/hello/build/tmp/sysroots/x86_64-linux/usr/include' '--oldincludedir=/media/OE/poky/meta-ettus/recipes/hello/build/tmp/sysroots/x86_64-linux/usr/include' '--infodir=/media/OE/poky/meta-ettus/recipes/hello/build/tmp/sysroots/x86_64-linux/usr/share/info' '--mandir=/media/OE/poky/meta-ettus/recipes/hello/build/tmp/sysroots/x86_64-linux/usr/share/man' '--disable-silent-rules' '--disable-dependency-tracking' '--disable-legacy-scripts' 'build_alias=x86_64-linux' 'host_alias=x86_64-linux' 'target_alias=x86_64-linux' 'CC=ccache gcc' 'CFLAGS=-isystem/media/OE/poky/meta-ettus/recipes/hello/build/tmp/sysroots/x86_64-linux/usr/include -O2 -pipe' 'LDFLAGS=-L/media/OE/poky/meta-ettus/recipes/hello/build/tmp/sysroots/x86_64-linux/usr/lib -L/media/OE/poky/meta-ettus/recipes/hello/build/tmp/sysroots/x86_64-linux/lib -Wl,-rpath-link,/media/OE/poky/meta-ettus/recipes/hello/build/tmp/sysroots/x86_64-linux/usr/lib -Wl,-rpath-link,/media/OE/poky/meta-ettus/recipes/hello/build/tmp/sysroots/x86_64-linux/lib -Wl,-rpath,/media/OE/poky/meta-ettus/recipes/hello/build/tmp/sysroots/x86_64-linux/usr/lib -Wl,-rpath,/media/OE/poky/meta-ettus/recipes/hello/build/tmp/sysroots/x86_64-linux/lib -Wl,-O1' 'CPPFLAGS=-isystem/media/OE/poky/meta-ettus/recipes/hello/build/tmp/sysroots/x86_64-linux/usr/include' 'CPP=gcc  -E' --cache-file=/dev/null --srcdir=.

## ---------------- ##
## Cache variables. ##
## ---------------- ##

ac_cv_build=x86_64-pc-linux-gnu
ac_cv_c_compiler_gnu=yes
ac_cv_env_CC_set=set
ac_cv_env_CC_value='ccache gcc'
ac_cv_env_CFLAGS_set=set
ac_cv_env_CFLAGS_value='-isystem/media/OE/poky/meta-ettus/recipes/hello/build/tmp/sysroots/x86_64-linux/usr/include -O2 -pipe'
ac_cv_env_CPPFLAGS_set=set
ac_cv_env_CPPFLAGS_value=-isystem/media/OE/poky/meta-ettus/recipes/hello/build/tmp/sysroots/x86_64-linux/usr/include
ac_cv_env_CPP_set=set
ac_cv_env_CPP_value='gcc  -E'
ac_cv_env_LDFLAGS_set=set
ac_cv_env_LDFLAGS_value='-L/media/OE/poky/meta-ettus/recipes/hello/build/tmp/sysroots/x86_64-linux/usr/lib -L/media/OE/poky/meta-ettus/recipes/hello/build/tmp/sysroots/x86_64-linux/lib -Wl,-rpath-link,/media/OE/poky/meta-ettus/recipes/hello/build/tmp/sysroots/x86_64-linux/usr/lib -Wl,-rpath-link,/media/OE/poky/meta-ettus/recipes/hello/build/tmp/sysroots/x86_64-linux/lib -Wl,-rpath,/media/OE/poky/meta-ettus/recipes/hello/build/tmp/sysroots/x86_64-linux/usr/lib -Wl,-rpath,/media/OE/poky/meta-ettus/recipes/hello/build/tmp/sysroots/x86_64-linux/lib -Wl,-O1'
ac_cv_env_LIBS_set=
ac_cv_env_LIBS_value=
ac_cv_env_build_alias_set=set
ac_cv_env_build_alias_value=x86_64-linux
ac_cv_env_host_alias_set=set
ac_cv_env_host_alias_value=x86_64-linux
ac_cv_env_target_alias_set=set
ac_cv_env_target_alias_value=x86_64-linux
ac_cv_func_alloca_works=yes
ac_cv_func_setresuid=yes
ac_cv_header_dirent_h=yes
ac_cv_header_dlfcn_h=yes
ac_cv_header_inttypes_h=yes
ac_cv_header_malloc_h=yes
ac_cv_header_memory_h=yes
ac_cv_header_stdc=yes
ac_cv_header_stdint_h=yes
ac_cv_header_stdlib_h=yes
ac_cv_header_string_h=yes
ac_cv_header_strings_h=yes
ac_cv_header_sys_stat_h=yes
ac_cv_header_sys_types_h=yes
ac_cv_header_sys_wait_h=yes
ac_cv_header_unistd_h=yes
ac_cv_host=x86_64-pc-linux-gnu
ac_cv_objext=o
ac_cv_path_EGREP='/bin/grep -E'
ac_cv_path_FGREP='/bin/grep -F'
ac_cv_path_GREP=/bin/grep
ac_cv_path_SED=/bin/sed
ac_cv_path_install='/usr/bin/install -c'
ac_cv_path_mkdir=/bin/mkdir
ac_cv_prog_AR=ar
ac_cv_prog_AWK=gawk
ac_cv_prog_CC='ccache gcc'
ac_cv_prog_CPP='gcc  -E'
ac_cv_prog_OBJDUMP=objdump
ac_cv_prog_RANLIB=ranlib
ac_cv_prog_STRIP=strip
ac_cv_prog_cc_c89=
ac_cv_prog_cc_g=yes
ac_cv_prog_make_make_set=yes
ac_cv_type_size_t=yes
ac_cv_working_alloca_h=yes
am_cv_CC_dependencies_compiler_type=none
lt_cv_ar_at_file=@
lt_cv_archive_cmds_need_lc=no
lt_cv_deplibs_check_method=pass_all
lt_cv_file_magic_cmd='$MAGIC_CMD'
lt_cv_file_magic_test_file=
lt_cv_ld_reload_flag=-r
lt_cv_nm_interface='BSD nm'
lt_cv_objdir=.libs
lt_cv_path_LD=ld
lt_cv_path_NM=nm
lt_cv_path_mainfest_tool=no
lt_cv_prog_compiler_c_o=yes
lt_cv_prog_compiler_pic='-fPIC -DPIC'
lt_cv_prog_compiler_pic_works=yes
lt_cv_prog_compiler_rtti_exceptions=no
lt_cv_prog_compiler_static_works=yes
lt_cv_prog_gnu_ld=yes
lt_cv_sharedlib_from_linklib_cmd='printf %s\n'
lt_cv_shlibpath_overrides_runpath=no
lt_cv_sys_global_symbol_pipe='sed -n -e '\''s/^.*[	 ]\([ABCDGIRSTW][ABCDGIRSTW]*\)[	 ][	 ]*\([_A-Za-z][_A-Za-z0-9]*\)$/\1 \2 \2/p'\'' | sed '\''/ __gnu_lto/d'\'''
lt_cv_sys_global_symbol_to_c_name_address='sed -n -e '\''s/^: \([^ ]*\)[ ]*$/  {\"\1\", (void *) 0},/p'\'' -e '\''s/^[ABCDGIRSTW]* \([^ ]*\) \([^ ]*\)$/  {"\2", (void *) \&\2},/p'\'''
lt_cv_sys_global_symbol_to_c_name_address_lib_prefix='sed -n -e '\''s/^: \([^ ]*\)[ ]*$/  {\"\1\", (void *) 0},/p'\'' -e '\''s/^[ABCDGIRSTW]* \([^ ]*\) \(lib[^ ]*\)$/  {"\2", (void *) \&\2},/p'\'' -e '\''s/^[ABCDGIRSTW]* \([^ ]*\) \([^ ]*\)$/  {"lib\2", (void *) \&\2},/p'\'''
lt_cv_sys_global_symbol_to_cdecl='sed -n -e '\''s/^T .* \(.*\)$/extern int \1();/p'\'' -e '\''s/^[ABCDGIRSTW]* .* \(.*\)$/extern char \1;/p'\'''
lt_cv_sys_max_cmd_len=1572864
lt_cv_to_host_file_cmd=func_convert_file_noop
lt_cv_to_tool_file_cmd=func_convert_file_noop

## ----------------- ##
## Output variables. ##
## ----------------- ##

ACLOCAL='${SHELL} /media/OE/poky/meta-ettus/recipes/hello/build/tmp/work/x86_64-linux/pkgconfig-native-0.25-r3/pkg-config-0.25/missing --run aclocal-1.11'
ALLOCA=''
AMDEPBACKSLASH=''
AMDEP_FALSE=''
AMDEP_TRUE='#'
AMTAR='${SHELL} /media/OE/poky/meta-ettus/recipes/hello/build/tmp/work/x86_64-linux/pkgconfig-native-0.25-r3/pkg-config-0.25/missing --run tar'
AR='ar'
AUTOCONF='${SHELL} /media/OE/poky/meta-ettus/recipes/hello/build/tmp/work/x86_64-linux/pkgconfig-native-0.25-r3/pkg-config-0.25/missing --run autoconf'
AUTOHEADER='${SHELL} /media/OE/poky/meta-ettus/recipes/hello/build/tmp/work/x86_64-linux/pkgconfig-native-0.25-r3/pkg-config-0.25/missing --run autoheader'
AUTOMAKE='${SHELL} /media/OE/poky/meta-ettus/recipes/hello/build/tmp/work/x86_64-linux/pkgconfig-native-0.25-r3/pkg-config-0.25/missing --run automake-1.11'
AWK='gawk'
CC='ccache gcc'
CCDEPMODE='depmode=none'
CFLAGS='-isystem/media/OE/poky/meta-ettus/recipes/hello/build/tmp/sysroots/x86_64-linux/usr/include -O2 -pipe'
CPP='gcc  -E'
CPPFLAGS='-isystem/media/OE/poky/meta-ettus/recipes/hello/build/tmp/sysroots/x86_64-linux/usr/include'
CYGPATH_W='echo'
DEFS='-DHAVE_CONFIG_H'
DEPDIR='.deps'
DLLTOOL='false'
DSYMUTIL=''
DUMPBIN=''
ECHO_C=''
ECHO_N='-n'
ECHO_T=''
EGREP='/bin/grep -E'
EXEEXT=''
FGREP='/bin/grep -F'
GLIB_CFLAGS=''
GLIB_LIBS=''
GREP='/bin/grep'
INSTALL_DATA='${INSTALL} -m 644'
INSTALL_PROGRAM='${INSTALL}'
INSTALL_SCRIPT='${INSTALL}'
INSTALL_STRIP_PROGRAM='$(install_sh) -c -s'
LD='ld -m elf_x86_64'
LDFLAGS='-L/media/OE/poky/meta-ettus/recipes/hello/build/tmp/sysroots/x86_64-linux/usr/lib -L/media/OE/poky/meta-ettus/recipes/hello/build/tmp/sysroots/x86_64-linux/lib -Wl,-rpath-link,/media/OE/poky/meta-ettus/recipes/hello/build/tmp/sysroots/x86_64-linux/usr/lib -Wl,-rpath-link,/media/OE/poky/meta-ettus/recipes/hello/build/tmp/sysroots/x86_64-linux/lib -Wl,-rpath,/media/OE/poky/meta-ettus/recipes/hello/build/tmp/sysroots/x86_64-linux/usr/lib -Wl,-rpath,/media/OE/poky/meta-ettus/recipes/hello/build/tmp/sysroots/x86_64-linux/lib -Wl,-O1'
LIBOBJS=''
LIBS=''
LIBTOOL='$(top_builddir)/x86_64-linux-libtool'
LIPO=''
LN_S='ln -s'
LTLIBOBJS=''
MAINT='#'
MAINTAINER_MODE_FALSE=''
MAINTAINER_MODE_TRUE='#'
MAKEINFO='${SHELL} /media/OE/poky/meta-ettus/recipes/hello/build/tmp/work/x86_64-linux/pkgconfig-native-0.25-r3/pkg-config-0.25/missing --run makeinfo'
MANIFEST_TOOL=':'
MKDIR_P='/bin/mkdir -p'
NM='nm'
NMEDIT=''
NO_LEGACY_SCRIPTS_FALSE='#'
NO_LEGACY_SCRIPTS_TRUE=''
OBJDUMP='objdump'
OBJEXT='o'
OTOOL64=''
OTOOL=''
PACKAGE='pkg-config'
PACKAGE_BUGREPORT=''
PACKAGE_NAME=''
PACKAGE_STRING=''
PACKAGE_TARNAME=''
PACKAGE_URL=''
PACKAGE_VERSION=''
PATH_SEPARATOR=':'
PKG_CONFIG=''
POPT_LIBS=''
RANLIB='ranlib'
SED='/bin/sed'
SET_MAKE=''
SHELL='/bin/sh'
STRIP='strip'
USE_INSTALLED_GLIB_FALSE=''
USE_INSTALLED_GLIB_TRUE='#'
USE_INSTALLED_POPT_FALSE=''
USE_INSTALLED_POPT_TRUE='#'
VERSION='0.25'
WARN_CFLAGS=''
ac_ct_AR=''
ac_ct_CC=''
ac_ct_DUMPBIN=''
am__EXEEXT_FALSE=''
am__EXEEXT_TRUE='#'
am__fastdepCC_FALSE=''
am__fastdepCC_TRUE='#'
am__include='include'
am__isrc=''
am__leading_dot='.'
am__nodep=''
am__quote=''
am__tar='${AMTAR} chof - "$$tardir"'
am__untar='${AMTAR} xf -'
bindir='/media/OE/poky/meta-ettus/recipes/hello/build/tmp/sysroots/x86_64-linux/usr/bin'
build='x86_64-pc-linux-gnu'
build_alias='x86_64-linux'
build_cpu='x86_64'
build_os='linux-gnu'
build_vendor='pc'
datadir='/media/OE/poky/meta-ettus/recipes/hello/build/tmp/sysroots/x86_64-linux/usr/share'
datarootdir='${prefix}/share'
docdir='${datarootdir}/doc/${PACKAGE}'
dvidir='${docdir}'
exec_prefix='/media/OE/poky/meta-ettus/recipes/hello/build/tmp/sysroots/x86_64-linux/usr'
host='x86_64-pc-linux-gnu'
host_alias='x86_64-linux'
host_cpu='x86_64'
host_os='linux-gnu'
host_vendor='pc'
htmldir='${docdir}'
includedir='/media/OE/poky/meta-ettus/recipes/hello/build/tmp/sysroots/x86_64-linux/usr/include'
infodir='/media/OE/poky/meta-ettus/recipes/hello/build/tmp/sysroots/x86_64-linux/usr/share/info'
install_sh='${SHELL} /media/OE/poky/meta-ettus/recipes/hello/build/tmp/work/x86_64-linux/pkgconfig-native-0.25-r3/pkg-config-0.25/install-sh'
libdir='/media/OE/poky/meta-ettus/recipes/hello/build/tmp/sysroots/x86_64-linux/usr/lib'
libexecdir='/media/OE/poky/meta-ettus/recipes/hello/build/tmp/sysroots/x86_64-linux/usr/libexec'
localedir='${datarootdir}/locale'
localstatedir='/media/OE/poky/meta-ettus/recipes/hello/build/tmp/sysroots/x86_64-linux/var'
mandir='/media/OE/poky/meta-ettus/recipes/hello/build/tmp/sysroots/x86_64-linux/usr/share/man'
mkdir_p='/bin/mkdir -p'
oldincludedir='/media/OE/poky/meta-ettus/recipes/hello/build/tmp/sysroots/x86_64-linux/usr/include'
pc_path='${libdir}/pkgconfig:${datadir}/pkgconfig'
pdfdir='${docdir}'
prefix='/media/OE/poky/meta-ettus/recipes/hello/build/tmp/sysroots/x86_64-linux/usr'
program_transform_name='s,x,x,'
psdir='${docdir}'
sbindir='/media/OE/poky/meta-ettus/recipes/hello/build/tmp/sysroots/x86_64-linux/usr/sbin'
sharedstatedir='/media/OE/poky/meta-ettus/recipes/hello/build/tmp/sysroots/x86_64-linux/com'
subdirs=' glib-1.2.10'
sysconfdir='/media/OE/poky/meta-ettus/recipes/hello/build/tmp/sysroots/x86_64-linux/etc'
target_alias='x86_64-linux'
use_indirect_deps='no'

## ----------- ##
## confdefs.h. ##
## ----------- ##

/* confdefs.h */
#define PACKAGE_NAME ""
#define PACKAGE_TARNAME ""
#define PACKAGE_VERSION ""
#define PACKAGE_STRING ""
#define PACKAGE_BUGREPORT ""
#define PACKAGE_URL ""
#define PACKAGE "pkg-config"
#define VERSION "0.25"
#define STDC_HEADERS 1
#define HAVE_SYS_TYPES_H 1
#define HAVE_SYS_STAT_H 1
#define HAVE_STDLIB_H 1
#define HAVE_STRING_H 1
#define HAVE_MEMORY_H 1
#define HAVE_STRINGS_H 1
#define HAVE_INTTYPES_H 1
#define HAVE_STDINT_H 1
#define HAVE_UNISTD_H 1
#define HAVE_DLFCN_H 1
#define LT_OBJDIR ".libs/"
#define ENABLE_INDIRECT_DEPS 0
#define NO_LEGACY_SCRIPTS 1
#define HAVE_ALLOCA_H 1
#define HAVE_ALLOCA 1
#define HAVE_SETRESUID 1
#define HAVE_DIRENT_H 1
#define HAVE_UNISTD_H 1
#define HAVE_SYS_WAIT_H 1
#define HAVE_MALLOC_H 1

configure: exit 0
